2017-04-26 12:00:09 INFO  InfraJobContext:432 - #############  Logger configurado para execução de sampleJSONJob  ##############
2017-04-26 12:00:09 INFO  InfraJobContext:188 - Carregando configurações do recurso sampleJSONJob.properties
2017-04-26 12:00:09 INFO  InfraJobContext:188 - Carregando configurações do recurso app-context.properties
2017-04-26 12:00:09 INFO  InfraJobContext:206 - Carregando configurações do arquivo /media/sf_compartilhamento/workspace/infra-batch-sample/src/main/resources/configs/infra-batch.properties
2017-04-26 12:00:09 INFO  ClassPathXmlApplicationContext:578 - Refreshing org.springframework.context.support.ClassPathXmlApplicationContext@5f150435: startup date [Wed Apr 26 12:00:09 BRT 2017]; root of context hierarchy
2017-04-26 12:00:09 INFO  XmlBeanDefinitionReader:317 - Loading XML bean definitions from class path resource [sample-jobs/sampleJSON-job.xml]
2017-04-26 12:00:09 INFO  XmlBeanDefinitionReader:317 - Loading XML bean definitions from class path resource [spring/context/infra/batch/infra-batch-memory-context.xml]
2017-04-26 12:00:09 INFO  XmlBeanDefinitionReader:317 - Loading XML bean definitions from class path resource [spring/context/infra/batch/import/common-context.xml]
2017-04-26 12:00:10 INFO  XmlBeanDefinitionReader:317 - Loading XML bean definitions from class path resource [spring/context/infra/batch/import/data-source-context.xml]
2017-04-26 12:00:10 INFO  XmlBeanDefinitionReader:317 - Loading XML bean definitions from class path resource [spring/context/infra/batch/import/transaction-context.xml]
2017-04-26 12:00:10 INFO  XmlBeanDefinitionReader:317 - Loading XML bean definitions from class path resource [spring/context/infra/batch/import/job-repository-memory-launcher-context.xml]
2017-04-26 12:00:11 INFO  PropertyPlaceholderConfigurer:172 - Loading properties file from URL [file:/media/sf_compartilhamento/workspace/infra-batch-sample/src/main/resources/configs/infra-batch.properties]
2017-04-26 12:00:11 INFO  ThreadPoolTaskExecutor:165 - Initializing ExecutorService  'threadPoolTaskExecutor'
2017-04-26 12:00:11 INFO  ConcurrentTaskExecutorDelegate:45 - concurrentTaskExecutor carregado para utilizar o Executor FixedThreadPool e 8 threads.
2017-04-26 12:00:11 INFO  SimpleJobLauncher:195 - No TaskExecutor has been set, defaulting to synchronous executor.
2017-04-26 12:00:12 INFO  ConnectionLogger:43 - connect to URL jdbc:jdbcdslog:postgresql://127.0.0.1:5432/batch?targetDriver=org.postgresql.Driver&?stringtype=unspecified with properties: {user=postgres, password=post}
2017-04-26 12:00:12 INFO  ConnectionLogger:35 - Connected to URL jdbc:postgresql://127.0.0.1:5432/batch?targetDriver=org.postgr for user postgres
2017-04-26 12:00:12 INFO  StatementLogger:151 - java.sql.Statement.executeQuery: Select 1;
2017-04-26 12:00:12 INFO  ConnectionLogger:43 - connect to URL jdbc:jdbcdslog:postgresql://127.0.0.1:5432/batch?targetDriver=org.postgresql.Driver&?stringtype=unspecified with properties: {user=postgres, password=post}
2017-04-26 12:00:12 INFO  ConnectionLogger:35 - Connected to URL jdbc:postgresql://127.0.0.1:5432/batch?targetDriver=org.postgr for user postgres
2017-04-26 12:00:12 INFO  ConnectionLogger:43 - connect to URL jdbc:jdbcdslog:postgresql://127.0.0.1:5432/batch?targetDriver=org.postgresql.Driver&?stringtype=unspecified with properties: {user=postgres, password=post}
2017-04-26 12:00:12 INFO  ConnectionLogger:35 - Connected to URL jdbc:postgresql://127.0.0.1:5432/batch?targetDriver=org.postgr for user postgres
2017-04-26 12:00:12 INFO  StatementLogger:151 - java.sql.Statement.executeQuery: Select 1;
2017-04-26 12:00:12 INFO  StatementLogger:151 - java.sql.Statement.executeQuery: Select 1;
2017-04-26 12:00:13 INFO  SimpleJobLauncher:133 - Job: [FlowJob: [name=sampleJSONJob]] launched with the following parameters: [{}]
2017-04-26 12:00:13 INFO  StatementLogger:151 - java.sql.Statement.executeQuery: Select 1;
2017-04-26 12:00:13 INFO  InfraJobListener:37 - Executando beforeJob...
2017-04-26 12:00:13 INFO  InfraJobListener:38 - InfraJobContext { [configPath=/media/sf_compartilhamento/workspace/infra-batch-sample/src/main/resources/configs [system=] [inputPath="/media/sf_compartilhamento/workspace/infra-batch-sample/src/main/resources/sampleJob_input"/sampleJSONJob] [outputPath=/sampleJob_output/sampleJSONJob] [simulationMode=false] [jobIdentifier=sampleJSONJob] [id=1493218808863] [slave=false] [executorType=FIXED] [threads=8] }
2017-04-26 12:00:13 INFO  StatementLogger:151 - java.sql.Statement.executeQuery: Select 1;
2017-04-26 12:00:13 INFO  StatementLogger:151 - java.sql.Statement.executeQuery: Select 1;
2017-04-26 12:00:13 INFO  StatementLogger:151 - java.sql.Statement.executeQuery: Select 1;
2017-04-26 12:00:13 INFO  StatementLogger:151 - java.sql.Statement.executeQuery: Select 1;
2017-04-26 12:00:13 INFO  SimpleStepHandler:146 - Executing step: [json2DatabaseStep]
2017-04-26 12:00:13 INFO  StatementLogger:151 - java.sql.Statement.executeQuery: Select 1;
2017-04-26 12:00:13 INFO  StatementLogger:151 - java.sql.Statement.executeQuery: Select 1;
2017-04-26 12:00:13 INFO  StatementLogger:151 - java.sql.Statement.executeQuery: Select 1;
2017-04-26 12:00:13 INFO  JSLineMapper:85 - 1 (lineNumber: 11) -> JsonSyntaxException: A JSONObject text must begin with '{' at character 0 of 
2017-04-26 12:00:13 INFO  JSLineMapper:85 - 1 (lineNumber: 12) -> JsonSyntaxException: null
2017-04-26 12:00:13 INFO  JSLineMapper:85 - 1 (lineNumber: 13) -> JsonSyntaxException: com.google.gson.stream.MalformedJsonException: Expected ':' at line 1 column 70 path $.type.tv
2017-04-26 12:00:13 INFO  JSLineMapper:85 - 1 (lineNumber: 14) -> JsonSyntaxException: JSONObject["name"] not found.
2017-04-26 12:00:13 INFO  JSLineMapper:85 - 1 (lineNumber: 15) -> JsonSyntaxException: com.google.gson.stream.MalformedJsonException: Expected name at line 1 column 51 path $.type
2017-04-26 12:00:13 INFO  JSLineMapper:85 - 1 (lineNumber: 16) -> JsonSyntaxException: com.google.gson.stream.MalformedJsonException: Expected name at line 1 column 92 path $.term_years
2017-04-26 12:00:13 INFO  JSLineMapper:85 - 1 (lineNumber: 17) -> JsonSyntaxException: java.lang.Integer cannot be cast to java.lang.String
2017-04-26 12:00:13 INFO  Version:30 - HV000001: Hibernate Validator 5.3.4.Final
2017-04-26 12:00:14 INFO  StatementLogger:151 - java.sql.Statement.executeQuery: Select 1;
2017-04-26 12:00:14 INFO  StatementLogger:151 - java.sql.Statement.executeQuery: Select 1;
2017-04-26 12:00:14 INFO  StatementLogger:151 - java.sql.PreparedStatement.addBatch: 
2017-04-26 12:00:14 INFO  StatementLogger:151 - java.sql.PreparedStatement.addBatch: 
2017-04-26 12:00:14 INFO  StatementLogger:151 - java.sql.PreparedStatement.addBatch: 
2017-04-26 12:00:14 INFO  StatementLogger:151 - java.sql.PreparedStatement.addBatch: 
2017-04-26 12:00:14 INFO  StatementLogger:151 - java.sql.PreparedStatement.addBatch: 
2017-04-26 12:00:14 INFO  StatementLogger:151 - java.sql.PreparedStatement.addBatch: 
2017-04-26 12:00:14 INFO  StatementLogger:151 - java.sql.PreparedStatement.addBatch: 
2017-04-26 12:00:14 INFO  StatementLogger:151 - java.sql.PreparedStatement.addBatch: 
2017-04-26 12:00:14 INFO  StatementLogger:151 - java.sql.PreparedStatement.addBatch: 
2017-04-26 12:00:14 INFO  StatementLogger:151 - java.sql.PreparedStatement.addBatch: 
2017-04-26 12:00:14 INFO  StatementLogger:151 - java.sql.PreparedStatement.addBatch: 
2017-04-26 12:00:14 INFO  StatementLogger:151 - java.sql.Statement.executeBatch: 
2017-04-26 12:00:14 INFO  MonitoracaoProduct:51 - ######################################################################
2017-04-26 12:00:14 INFO  MonitoracaoProduct:52 - ##################### RELATORIO DA CARGA #############################
2017-04-26 12:00:14 INFO  MonitoracaoProduct:53 - Product lidos com sucesso: 13
2017-04-26 12:00:14 INFO  MonitoracaoProduct:54 - Product nao lidas (falha na leitura): 7
2017-04-26 12:00:14 INFO  MonitoracaoProduct:55 - Product ignorados durante processamento: 2
2017-04-26 12:00:14 INFO  MonitoracaoProduct:56 - Product gravadas com sucesso: 11
2017-04-26 12:00:14 INFO  MonitoracaoProduct:57 - Product nao gravadas: 0
2017-04-26 12:00:14 INFO  MonitoracaoProduct:60 - @@@@@@@@@@@@@@@@@@@@@ LISTA DE Product NAO LIDOS @@@@@@@@@@@@@@@@@@@@@
2017-04-26 12:00:14 INFO  MonitoracaoProduct:62 - org.springframework.batch.item.file.FlatFileParseException: Parsing error at line: 11 in resource=[class path resource [sampleJob_input/product.json]], input=[]
2017-04-26 12:00:14 INFO  MonitoracaoProduct:62 - org.springframework.batch.item.file.FlatFileParseException: Parsing error at line: 12 in resource=[class path resource [sampleJob_input/product.json]], input=[{ "id" : 12, "name" : "Cable TV Basic Service Package", "type" : tv, "monthly_price" : 50, "term_years" : 2, "cancel_penalty" : 25, "sales_tax" : true, "additional_tarriffs" : [ { "kind" : "federal tarriff", "amount" : { "percent_of_service" : 0.06 } }, { "kind" : "misc tarriff", "amount" : 2.25 } ], "description":"Lorem ipsum dolor sit amet, consectetur adipiscing elit. Proin eget elit ut nulla tempor viverra vel eu nulla. Sed luctus porttitor urna, ac dapibus velit fringilla et. Donec iaculis, dolor a vehicula dictum, augue neque suscipit augue, nec mollis massa neque in libero. Donec sed dapibus magna. Pellentesque at condimentum dolor. In nunc nibh, dignissim in risus a, blandit tincidunt velit. Vestibulum rutrum tempus sem eget tempus. Mauris sollicitudin purus auctor dolor vestibulum, vitae pulvinar neque suscipit. Cum sociis natoque penatibus et magnis dis parturient montes, nascetur ridiculus mus. Phasellus lacus turpis, vulputate at adipiscing viverra, ultricies at lectus. Pellentesque ut porta leo, vel eleifend neque. Nunc sagittis metus at ante pellentesque, ut condimentum libero semper. In hac habitasse platea dictumst. In dapibus posuere posuere. Fusce vulputate augue eget tellus molestie, vitae egestas ante malesuada. Phasellus nunc mi, faucibus at elementum pharetra, aliquet a enim. In purus est, vulputate in nibh quis, faucibus dapibus magna. In accumsan libero velit, eu accumsan sem commodo id. In fringilla tempor augue, et feugiat erat convallis et. Sed aliquet eget ipsum eu vestibulum.Curabitur blandit leo nec condimentum semper. Mauris lectus sapien, rutrum a tincidunt id, euismod ac elit. Mauris suscipit et arcu et auctor. Quisque mollis magna vel mi viverra rutrum. Nulla non pretium magna. Cras sed tortor non tellus rutrum gravida eu at odio. Aliquam cursus fermentum erat, nec ullamcorper sem gravida sit amet. Donec viverra, erat vel ornare pulvinar, est ipsum accumsan massa, eu tristique lorem ante nec tortor. Sed suscipit iaculis faucibus. Maecenas a suscipit ligula, vitae faucibus turpis.Cras sed tellus auctor, tempor leo eu, molestie leo. Suspendisse ipsum tellus, egestas et ultricies eu, tempus a arcu. Cras laoreet, est dapibus consequat varius, nisi nisi placerat leo, et dictum ante tortor vitae est. Duis eu urna ac felis ullamcorper rutrum. Quisque iaculis, enim eget sodales vehicula, magna orci dignissim eros, nec volutpat massa urna in elit. In interdum pellentesque risus, feugiat pulvinar odio eleifend sit amet. Quisque congue libero quis dolor faucibus, a mollis nisl tempus." }]
2017-04-26 12:00:14 INFO  MonitoracaoProduct:62 - org.springframework.batch.item.file.FlatFileParseException: Parsing error at line: 13 in resource=[class path resource [sampleJob_input/product.json]], input=[{ "id" : 13, "name" : "Cable TV Basic Service Package", "type" : {tv}, "monthly_price" : 50, "term_years" : 2, "cancel_penalty" : 25, "sales_tax" : true, "additional_tarriffs" : [ { "kind" : "federal tarriff", "amount" : { "percent_of_service" : 0.06 } }, { "kind" : "misc tarriff", "amount" : 2.25 } ], "description":"Lorem ipsum dolor sit amet, consectetur adipiscing elit. Proin eget elit ut nulla tempor viverra vel eu nulla. Sed luctus porttitor urna, ac dapibus velit fringilla et. Donec iaculis, dolor a vehicula dictum, augue neque suscipit augue, nec mollis massa neque in libero. Donec sed dapibus magna. Pellentesque at condimentum dolor. In nunc nibh, dignissim in risus a, blandit tincidunt velit. Vestibulum rutrum tempus sem eget tempus. Mauris sollicitudin purus auctor dolor vestibulum, vitae pulvinar neque suscipit. Cum sociis natoque penatibus et magnis dis parturient montes, nascetur ridiculus mus. Phasellus lacus turpis, vulputate at adipiscing viverra, ultricies at lectus. Pellentesque ut porta leo, vel eleifend neque. Nunc sagittis metus at ante pellentesque, ut condimentum libero semper. In hac habitasse platea dictumst. In dapibus posuere posuere. Fusce vulputate augue eget tellus molestie, vitae egestas ante malesuada. Phasellus nunc mi, faucibus at elementum pharetra, aliquet a enim. In purus est, vulputate in nibh quis, faucibus dapibus magna. In accumsan libero velit, eu accumsan sem commodo id. In fringilla tempor augue, et feugiat erat convallis et. Sed aliquet eget ipsum eu vestibulum.Curabitur blandit leo nec condimentum semper. Mauris lectus sapien, rutrum a tincidunt id, euismod ac elit. Mauris suscipit et arcu et auctor. Quisque mollis magna vel mi viverra rutrum. Nulla non pretium magna. Cras sed tortor non tellus rutrum gravida eu at odio. Aliquam cursus fermentum erat, nec ullamcorper sem gravida sit amet. Donec viverra, erat vel ornare pulvinar, est ipsum accumsan massa, eu tristique lorem ante nec tortor. Sed suscipit iaculis faucibus. Maecenas a suscipit ligula, vitae faucibus turpis.Cras sed tellus auctor, tempor leo eu, molestie leo. Suspendisse ipsum tellus, egestas et ultricies eu, tempus a arcu. Cras laoreet, est dapibus consequat varius, nisi nisi placerat leo, et dictum ante tortor vitae est. Duis eu urna ac felis ullamcorper rutrum. Quisque iaculis, enim eget sodales vehicula, magna orci dignissim eros, nec volutpat massa urna in elit. In interdum pellentesque risus, feugiat pulvinar odio eleifend sit amet. Quisque congue libero quis dolor faucibus, a mollis nisl tempus." }]
2017-04-26 12:00:14 INFO  MonitoracaoProduct:62 - org.springframework.batch.item.file.FlatFileParseException: Parsing error at line: 14 in resource=[class path resource [sampleJob_input/product.json]], input=[{ "id" : 14, "type" : ["tv"], "monthly_price" : 50, "term_years" : 2, "cancel_penalty" : 25, "sales_tax" : true, "additional_tarriffs" : [ { "kind" : "federal tarriff", "amount" : { "percent_of_service" : 0.06 } }, { "kind" : "misc tarriff", "amount" : 2.25 } ], "description":"Lorem ipsum dolor sit amet, consectetur adipiscing elit. Proin eget elit ut nulla tempor viverra vel eu nulla. Sed luctus porttitor urna, ac dapibus velit fringilla et. Donec iaculis, dolor a vehicula dictum, augue neque suscipit augue, nec mollis massa neque in libero. Donec sed dapibus magna. Pellentesque at condimentum dolor. In nunc nibh, dignissim in risus a, blandit tincidunt velit. Vestibulum rutrum tempus sem eget tempus. Mauris sollicitudin purus auctor dolor vestibulum, vitae pulvinar neque suscipit. Cum sociis natoque penatibus et magnis dis parturient montes, nascetur ridiculus mus. Phasellus lacus turpis, vulputate at adipiscing viverra, ultricies at lectus. Pellentesque ut porta leo, vel eleifend neque. Nunc sagittis metus at ante pellentesque, ut condimentum libero semper. In hac habitasse platea dictumst. In dapibus posuere posuere. Fusce vulputate augue eget tellus molestie, vitae egestas ante malesuada. Phasellus nunc mi, faucibus at elementum pharetra, aliquet a enim. In purus est, vulputate in nibh quis, faucibus dapibus magna. In accumsan libero velit, eu accumsan sem commodo id. In fringilla tempor augue, et feugiat erat convallis et. Sed aliquet eget ipsum eu vestibulum.Curabitur blandit leo nec condimentum semper. Mauris lectus sapien, rutrum a tincidunt id, euismod ac elit. Mauris suscipit et arcu et auctor. Quisque mollis magna vel mi viverra rutrum. Nulla non pretium magna. Cras sed tortor non tellus rutrum gravida eu at odio. Aliquam cursus fermentum erat, nec ullamcorper sem gravida sit amet. Donec viverra, erat vel ornare pulvinar, est ipsum accumsan massa, eu tristique lorem ante nec tortor. Sed suscipit iaculis faucibus. Maecenas a suscipit ligula, vitae faucibus turpis.Cras sed tellus auctor, tempor leo eu, molestie leo. Suspendisse ipsum tellus, egestas et ultricies eu, tempus a arcu. Cras laoreet, est dapibus consequat varius, nisi nisi placerat leo, et dictum ante tortor vitae est. Duis eu urna ac felis ullamcorper rutrum. Quisque iaculis, enim eget sodales vehicula, magna orci dignissim eros, nec volutpat massa urna in elit. In interdum pellentesque risus, feugiat pulvinar odio eleifend sit amet. Quisque congue libero quis dolor faucibus, a mollis nisl tempus." }]
2017-04-26 12:00:14 INFO  MonitoracaoProduct:62 - org.springframework.batch.item.file.FlatFileParseException: Parsing error at line: 15 in resource=[class path resource [sampleJob_input/product.json]], input=[{ "id" : 15, "name" : "nome...", "type" : ["tv"], , "monthly_price" : 50, "term_years" : 2, "cancel_penalty" : 25, "sales_tax" : true, "additional_tarriffs" : [ { "kind" : "federal tarriff", "amount" : { "percent_of_service" : 0.06 } }, { "kind" : "misc tarriff", "amount" : 2.25 } ], "description":"Lorem ipsum dolor sit amet, consectetur adipiscing elit. Proin eget elit ut nulla tempor viverra vel eu nulla. Sed luctus porttitor urna, ac dapibus velit fringilla et. Donec iaculis, dolor a vehicula dictum, augue neque suscipit augue, nec mollis massa neque in libero. Donec sed dapibus magna. Pellentesque at condimentum dolor. In nunc nibh, dignissim in risus a, blandit tincidunt velit. Vestibulum rutrum tempus sem eget tempus. Mauris sollicitudin purus auctor dolor vestibulum, vitae pulvinar neque suscipit. Cum sociis natoque penatibus et magnis dis parturient montes, nascetur ridiculus mus. Phasellus lacus turpis, vulputate at adipiscing viverra, ultricies at lectus. Pellentesque ut porta leo, vel eleifend neque. Nunc sagittis metus at ante pellentesque, ut condimentum libero semper. In hac habitasse platea dictumst. In dapibus posuere posuere. Fusce vulputate augue eget tellus molestie, vitae egestas ante malesuada. Phasellus nunc mi, faucibus at elementum pharetra, aliquet a enim. In purus est, vulputate in nibh quis, faucibus dapibus magna. In accumsan libero velit, eu accumsan sem commodo id. In fringilla tempor augue, et feugiat erat convallis et. Sed aliquet eget ipsum eu vestibulum.Curabitur blandit leo nec condimentum semper. Mauris lectus sapien, rutrum a tincidunt id, euismod ac elit. Mauris suscipit et arcu et auctor. Quisque mollis magna vel mi viverra rutrum. Nulla non pretium magna. Cras sed tortor non tellus rutrum gravida eu at odio. Aliquam cursus fermentum erat, nec ullamcorper sem gravida sit amet. Donec viverra, erat vel ornare pulvinar, est ipsum accumsan massa, eu tristique lorem ante nec tortor. Sed suscipit iaculis faucibus. Maecenas a suscipit ligula, vitae faucibus turpis.Cras sed tellus auctor, tempor leo eu, molestie leo. Suspendisse ipsum tellus, egestas et ultricies eu, tempus a arcu. Cras laoreet, est dapibus consequat varius, nisi nisi placerat leo, et dictum ante tortor vitae est. Duis eu urna ac felis ullamcorper rutrum. Quisque iaculis, enim eget sodales vehicula, magna orci dignissim eros, nec volutpat massa urna in elit. In interdum pellentesque risus, feugiat pulvinar odio eleifend sit amet. Quisque congue libero quis dolor faucibus, a mollis nisl tempus." }]
2017-04-26 12:00:14 INFO  MonitoracaoProduct:62 - org.springframework.batch.item.file.FlatFileParseException: Parsing error at line: 16 in resource=[class path resource [sampleJob_input/product.json]], input=[{ "id" : 16, "name" : "nome2...", "type" : ["tv"], "monthly_price" : 50, "term_years" : 2, : "cancel_penalty" : 25, "sales_tax" : true, "additional_tarriffs" : [ { "kind" : "federal tarriff", "amount" : { "percent_of_service" : 0.06 } }, { "kind" : "misc tarriff", "amount" : 2.25 } ], "description":"Lorem ipsum dolor sit amet, consectetur adipiscing elit. Proin eget elit ut nulla tempor viverra vel eu nulla. Sed luctus porttitor urna, ac dapibus velit fringilla et. Donec iaculis, dolor a vehicula dictum, augue neque suscipit augue, nec mollis massa neque in libero. Donec sed dapibus magna. Pellentesque at condimentum dolor. In nunc nibh, dignissim in risus a, blandit tincidunt velit. Vestibulum rutrum tempus sem eget tempus. Mauris sollicitudin purus auctor dolor vestibulum, vitae pulvinar neque suscipit. Cum sociis natoque penatibus et magnis dis parturient montes, nascetur ridiculus mus. Phasellus lacus turpis, vulputate at adipiscing viverra, ultricies at lectus. Pellentesque ut porta leo, vel eleifend neque. Nunc sagittis metus at ante pellentesque, ut condimentum libero semper. In hac habitasse platea dictumst. In dapibus posuere posuere. Fusce vulputate augue eget tellus molestie, vitae egestas ante malesuada. Phasellus nunc mi, faucibus at elementum pharetra, aliquet a enim. In purus est, vulputate in nibh quis, faucibus dapibus magna. In accumsan libero velit, eu accumsan sem commodo id. In fringilla tempor augue, et feugiat erat convallis et. Sed aliquet eget ipsum eu vestibulum.Curabitur blandit leo nec condimentum semper. Mauris lectus sapien, rutrum a tincidunt id, euismod ac elit. Mauris suscipit et arcu et auctor. Quisque mollis magna vel mi viverra rutrum. Nulla non pretium magna. Cras sed tortor non tellus rutrum gravida eu at odio. Aliquam cursus fermentum erat, nec ullamcorper sem gravida sit amet. Donec viverra, erat vel ornare pulvinar, est ipsum accumsan massa, eu tristique lorem ante nec tortor. Sed suscipit iaculis faucibus. Maecenas a suscipit ligula, vitae faucibus turpis.Cras sed tellus auctor, tempor leo eu, molestie leo. Suspendisse ipsum tellus, egestas et ultricies eu, tempus a arcu. Cras laoreet, est dapibus consequat varius, nisi nisi placerat leo, et dictum ante tortor vitae est. Duis eu urna ac felis ullamcorper rutrum. Quisque iaculis, enim eget sodales vehicula, magna orci dignissim eros, nec volutpat massa urna in elit. In interdum pellentesque risus, feugiat pulvinar odio eleifend sit amet. Quisque congue libero quis dolor faucibus, a mollis nisl tempus." }]
2017-04-26 12:00:14 INFO  MonitoracaoProduct:62 - org.springframework.batch.item.file.FlatFileParseException: Parsing error at line: 17 in resource=[class path resource [sampleJob_input/product.json]], input=[{ "id" : 17, "name" : 17, "type" : ["tv"], "term_years" : 2, "cancel_penalty" : 25, "sales_tax" : true, "additional_tarriffs" : [ { "kind" : "federal tarriff", "amount" : { "percent_of_service" : 0.06 } }, { "kind" : "misc tarriff", "amount" : 2.25 } ], "description":"Lorem ipsum dolor sit amet, consectetur adipiscing elit. Proin eget elit ut nulla tempor viverra vel eu nulla. Sed luctus porttitor urna, ac dapibus velit fringilla et. Donec iaculis, dolor a vehicula dictum, augue neque suscipit augue, nec mollis massa neque in libero. Donec sed dapibus magna. Pellentesque at condimentum dolor. In nunc nibh, dignissim in risus a, blandit tincidunt velit. Vestibulum rutrum tempus sem eget tempus. Mauris sollicitudin purus auctor dolor vestibulum, vitae pulvinar neque suscipit. Cum sociis natoque penatibus et magnis dis parturient montes, nascetur ridiculus mus. Phasellus lacus turpis, vulputate at adipiscing viverra, ultricies at lectus. Pellentesque ut porta leo, vel eleifend neque. Nunc sagittis metus at ante pellentesque, ut condimentum libero semper. In hac habitasse platea dictumst. In dapibus posuere posuere. Fusce vulputate augue eget tellus molestie, vitae egestas ante malesuada. Phasellus nunc mi, faucibus at elementum pharetra, aliquet a enim. In purus est, vulputate in nibh quis, faucibus dapibus magna. In accumsan libero velit, eu accumsan sem commodo id. In fringilla tempor augue, et feugiat erat convallis et. Sed aliquet eget ipsum eu vestibulum.Curabitur blandit leo nec condimentum semper. Mauris lectus sapien, rutrum a tincidunt id, euismod ac elit. Mauris suscipit et arcu et auctor. Quisque mollis magna vel mi viverra rutrum. Nulla non pretium magna. Cras sed tortor non tellus rutrum gravida eu at odio. Aliquam cursus fermentum erat, nec ullamcorper sem gravida sit amet. Donec viverra, erat vel ornare pulvinar, est ipsum accumsan massa, eu tristique lorem ante nec tortor. Sed suscipit iaculis faucibus. Maecenas a suscipit ligula, vitae faucibus turpis.Cras sed tellus auctor, tempor leo eu, molestie leo. Suspendisse ipsum tellus, egestas et ultricies eu, tempus a arcu. Cras laoreet, est dapibus consequat varius, nisi nisi placerat leo, et dictum ante tortor vitae est. Duis eu urna ac felis ullamcorper rutrum. Quisque iaculis, enim eget sodales vehicula, magna orci dignissim eros, nec volutpat massa urna in elit. In interdum pellentesque risus, feugiat pulvinar odio eleifend sit amet. Quisque congue libero quis dolor faucibus, a mollis nisl tempus."}]
2017-04-26 12:00:14 INFO  MonitoracaoProduct:67 - @@@@@@@@@@ LISTA DE Product IGNORADOS DURANTE PROCESSAMENTO @@@@@@@@@@
2017-04-26 12:00:14 INFO  MonitoracaoProduct:69 - Imovel=[br.gov.serpro.supde.infra.batch.sample.domain.Product@26fb628[
  id=19
  name=nome4...
  brand=<null>
  type=Outro
  color=<null>
  price=12.0
  warranty_years=<null>
  available=<null>
  description=Lorem ipsum dolor sit amet, consectetur adipiscing elit. Proin eget elit ut nulla tempor viverra vel eu nulla. Sed luctus porttitor urna, ac dapibus velit fringilla et. Donec iaculis, dolor a vehicula dictum, augue neque suscipit augue, nec mollis massa neque in libero. Donec sed dapibus magna. Pellentesque at condimentum dolor. In nunc nibh, dignissim in risus a, blandit tincidunt velit. Vestibulum rutrum tempus sem eget tempus. Mauris sollicitudin purus auctor dolor vestibulum, vitae pulvinar neque suscipit. Cum sociis natoque penatibus et magnis dis parturient montes, nascetur ridiculus mus. Phasellus lacus turpis, vulputate at adipiscing viverra, ultricies at lectus. Pellentesque ut porta leo, vel eleifend neque. Nunc sagittis metus at ante pellentesque, ut condimentum libero semper. In hac habitasse platea dictumst. In dapibus posuere posuere. Fusce vulputate augue eget tellus molestie, vitae egestas ante malesuada. Phasellus nunc mi, faucibus at elementum pharetra, aliquet a enim. In purus est, vulputate in nibh quis, faucibus dapibus magna. In accumsan libero velit, eu accumsan sem commodo id. In fringilla tempor augue, et feugiat erat convallis et. Sed aliquet eget ipsum eu vestibulum.Curabitur blandit leo nec condimentum semper. Mauris lectus sapien, rutrum a tincidunt id, euismod ac elit. Mauris suscipit et arcu et auctor. Quisque mollis magna vel mi viverra rutrum. Nulla non pretium magna. Cras sed tortor non tellus rutrum gravida eu at odio. Aliquam cursus fermentum erat, nec ullamcorper sem gravida sit amet. Donec viverra, erat vel ornare pulvinar, est ipsum accumsan massa, eu tristique lorem ante nec tortor. Sed suscipit iaculis faucibus. Maecenas a suscipit ligula, vitae faucibus turpis.Cras sed tellus auctor, tempor leo eu, molestie leo. Suspendisse ipsum tellus, egestas et ultricies eu, tempus a arcu. Cras laoreet, est dapibus consequat varius, nisi nisi placerat leo, et dictum ante tortor vitae est. Duis eu urna ac felis ullamcorper rutrum. Quisque iaculis, enim eget sodales vehicula, magna orci dignissim eros, nec volutpat massa urna in elit. In interdum pellentesque risus, feugiat pulvinar odio eleifend sit amet. Quisque congue libero quis dolor faucibus, a mollis nisl tempus.
  json={ "id" : 19, "name" : "nome4...", "type" : ["Outro"], "monthly_price" : 50, "term_years" : 2, "cancel_penalty" : 25, "price" : 12, "sales_tax" : true, "additional_tarriffs" : [ { "kind" : "federal tarriff", "amount" : { "percent_of_service" : 0.06 } }, { "kind" : "misc tarriff", "amount" : 2.25 } ], "description":"Lorem ipsum dolor sit amet, consectetur adipiscing elit. Proin eget elit ut nulla tempor viverra vel eu nulla. Sed luctus porttitor urna, ac dapibus velit fringilla et. Donec iaculis, dolor a vehicula dictum, augue neque suscipit augue, nec mollis massa neque in libero. Donec sed dapibus magna. Pellentesque at condimentum dolor. In nunc nibh, dignissim in risus a, blandit tincidunt velit. Vestibulum rutrum tempus sem eget tempus. Mauris sollicitudin purus auctor dolor vestibulum, vitae pulvinar neque suscipit. Cum sociis natoque penatibus et magnis dis parturient montes, nascetur ridiculus mus. Phasellus lacus turpis, vulputate at adipiscing viverra, ultricies at lectus. Pellentesque ut porta leo, vel eleifend neque. Nunc sagittis metus at ante pellentesque, ut condimentum libero semper. In hac habitasse platea dictumst. In dapibus posuere posuere. Fusce vulputate augue eget tellus molestie, vitae egestas ante malesuada. Phasellus nunc mi, faucibus at elementum pharetra, aliquet a enim. In purus est, vulputate in nibh quis, faucibus dapibus magna. In accumsan libero velit, eu accumsan sem commodo id. In fringilla tempor augue, et feugiat erat convallis et. Sed aliquet eget ipsum eu vestibulum.Curabitur blandit leo nec condimentum semper. Mauris lectus sapien, rutrum a tincidunt id, euismod ac elit. Mauris suscipit et arcu et auctor. Quisque mollis magna vel mi viverra rutrum. Nulla non pretium magna. Cras sed tortor non tellus rutrum gravida eu at odio. Aliquam cursus fermentum erat, nec ullamcorper sem gravida sit amet. Donec viverra, erat vel ornare pulvinar, est ipsum accumsan massa, eu tristique lorem ante nec tortor. Sed suscipit iaculis faucibus. Maecenas a suscipit ligula, vitae faucibus turpis.Cras sed tellus auctor, tempor leo eu, molestie leo. Suspendisse ipsum tellus, egestas et ultricies eu, tempus a arcu. Cras laoreet, est dapibus consequat varius, nisi nisi placerat leo, et dictum ante tortor vitae est. Duis eu urna ac felis ullamcorper rutrum. Quisque iaculis, enim eget sodales vehicula, magna orci dignissim eros, nec volutpat massa urna in elit. In interdum pellentesque risus, feugiat pulvinar odio eleifend sit amet. Quisque congue libero quis dolor faucibus, a mollis nisl tempus." }
]], causa=[javax.validation.ValidationException: HV000028: Unexpected exception during isValid call.]
2017-04-26 12:00:14 INFO  MonitoracaoProduct:69 - Imovel=[br.gov.serpro.supde.infra.batch.sample.domain.Product@6c67e137[
  id=20
  name=AC32745 Case Blue
  brand=<null>
  type=accessory, case
  color=blue
  price=12.0
  warranty_years=0.0
  available=<null>
  description=Lorem ipsum dolor sit amet, consectetur adipiscing elit. Proin eget elit ut nulla tempor viverra vel eu nulla. Sed luctus porttitor urna, ac dapibus velit fringilla et. Donec iaculis, dolor a vehicula dictum, augue neque suscipit augue, nec mollis massa neque in libero. Donec sed dapibus magna. Pellentesque at condimentum dolor. In nunc nibh, dignissim in risus a, blandit tincidunt velit. Vestibulum rutrum tempus sem eget tempus. Mauris sollicitudin purus auctor dolor vestibulum, vitae pulvinar neque suscipit. Cum sociis natoque penatibus et magnis dis parturient montes, nascetur ridiculus mus. Phasellus lacus turpis, vulputate at adipiscing viverra, ultricies at lectus. Pellentesque ut porta leo, vel eleifend neque. Nunc sagittis metus at ante pellentesque, ut condimentum libero semper. In hac habitasse platea dictumst. In dapibus posuere posuere. Fusce vulputate augue eget tellus molestie, vitae egestas ante malesuada. Phasellus nunc mi, faucibus at elementum pharetra, aliquet a enim. In purus est, vulputate in nibh quis, faucibus dapibus magna. In accumsan libero velit, eu accumsan sem commodo id. In fringilla tempor augue, et feugiat erat convallis et. Sed aliquet eget ipsum eu vestibulum.Curabitur blandit leo nec condimentum semper. Mauris lectus sapien, rutrum a tincidunt id, euismod ac elit. Mauris suscipit et arcu et auctor. Quisque mollis magna vel mi viverra rutrum. Nulla non pretium magna. Cras sed tortor non tellus rutrum gravida eu at odio. Aliquam cursus fermentum erat, nec ullamcorper sem gravida sit amet. Donec viverra, erat vel ornare pulvinar, est ipsum accumsan massa, eu tristique lorem ante nec tortor. Sed suscipit iaculis faucibus. Maecenas a suscipit ligula, vitae faucibus turpis.Cras sed tellus auctor, tempor leo eu, molestie leo. Suspendisse ipsum tellus, egestas et ultricies eu, tempus a arcu. Cras laoreet, est dapibus consequat varius, nisi nisi placerat leo, et dictum ante tortor vitae est. Duis eu urna ac felis ullamcorper rutrum. Quisque iaculis, enim eget sodales vehicula, magna orci dignissim eros, nec volutpat massa urna in elit. In interdum pellentesque risus, feugiat pulvinar odio eleifend sit amet. Quisque congue libero quis dolor faucibus, a mollis nisl tempus.
  json={ "id" : 20, "name" : "AC32745 Case Blue", "type" : [ "accessory", "case" ], "color" : "blue", "price" : 12, "warranty_years" : 0, "description": "Lorem ipsum dolor sit amet, consectetur adipiscing elit. Proin eget elit ut nulla tempor viverra vel eu nulla. Sed luctus porttitor urna, ac dapibus velit fringilla et. Donec iaculis, dolor a vehicula dictum, augue neque suscipit augue, nec mollis massa neque in libero. Donec sed dapibus magna. Pellentesque at condimentum dolor. In nunc nibh, dignissim in risus a, blandit tincidunt velit. Vestibulum rutrum tempus sem eget tempus. Mauris sollicitudin purus auctor dolor vestibulum, vitae pulvinar neque suscipit. Cum sociis natoque penatibus et magnis dis parturient montes, nascetur ridiculus mus. Phasellus lacus turpis, vulputate at adipiscing viverra, ultricies at lectus. Pellentesque ut porta leo, vel eleifend neque. Nunc sagittis metus at ante pellentesque, ut condimentum libero semper. In hac habitasse platea dictumst. In dapibus posuere posuere. Fusce vulputate augue eget tellus molestie, vitae egestas ante malesuada. Phasellus nunc mi, faucibus at elementum pharetra, aliquet a enim. In purus est, vulputate in nibh quis, faucibus dapibus magna. In accumsan libero velit, eu accumsan sem commodo id. In fringilla tempor augue, et feugiat erat convallis et. Sed aliquet eget ipsum eu vestibulum.Curabitur blandit leo nec condimentum semper. Mauris lectus sapien, rutrum a tincidunt id, euismod ac elit. Mauris suscipit et arcu et auctor. Quisque mollis magna vel mi viverra rutrum. Nulla non pretium magna. Cras sed tortor non tellus rutrum gravida eu at odio. Aliquam cursus fermentum erat, nec ullamcorper sem gravida sit amet. Donec viverra, erat vel ornare pulvinar, est ipsum accumsan massa, eu tristique lorem ante nec tortor. Sed suscipit iaculis faucibus. Maecenas a suscipit ligula, vitae faucibus turpis.Cras sed tellus auctor, tempor leo eu, molestie leo. Suspendisse ipsum tellus, egestas et ultricies eu, tempus a arcu. Cras laoreet, est dapibus consequat varius, nisi nisi placerat leo, et dictum ante tortor vitae est. Duis eu urna ac felis ullamcorper rutrum. Quisque iaculis, enim eget sodales vehicula, magna orci dignissim eros, nec volutpat massa urna in elit. In interdum pellentesque risus, feugiat pulvinar odio eleifend sit amet. Quisque congue libero quis dolor faucibus, a mollis nisl tempus." }
]], causa=[javax.validation.ValidationException: HV000028: Unexpected exception during isValid call.]
2017-04-26 12:00:14 INFO  MonitoracaoProduct:80 - ################### FIM RELATORIO DA CARGA ###################
2017-04-26 12:00:14 INFO  MonitoracaoProduct:81 - ##############################################################
2017-04-26 12:00:14 INFO  StatementLogger:151 - java.sql.Statement.executeQuery: Select 1;
2017-04-26 12:00:14 INFO  StatementLogger:151 - java.sql.Statement.executeQuery: Select 1;
2017-04-26 12:00:14 INFO  StatementLogger:151 - java.sql.Statement.executeQuery: Select 1;
2017-04-26 12:00:14 INFO  InfraJobListener:48 - Executando afterJob...
2017-04-26 12:00:14 INFO  MonitoracaoListener:37 - ############################### Monitoração ###############################
2017-04-26 12:00:14 INFO  MonitoracaoListener:41 - [Job sampleJSONJob] Instance: 0
2017-04-26 12:00:14 INFO  MonitoracaoListener:42 - [Job sampleJSONJob] Parameters: {}
2017-04-26 12:00:14 INFO  MonitoracaoListener:43 - [Job sampleJSONJob] Execution: 0
2017-04-26 12:00:14 INFO  MonitoracaoListener:66 - [Step json2DatabaseStep] Start Time: 26/04/2017 12:00:13
2017-04-26 12:00:14 INFO  MonitoracaoListener:67 - [Step json2DatabaseStep] End Time: 26/04/2017 12:00:14
2017-04-26 12:00:14 INFO  MonitoracaoListener:68 - [Step json2DatabaseStep] Duration: 1 second
2017-04-26 12:00:14 INFO  MonitoracaoListener:69 - [Step json2DatabaseStep] Summary: StepExecution: id=1, version=3, name=json2DatabaseStep, status=COMPLETED, exitStatus=COMPLETED, readCount=13, filterCount=0, writeCount=11 readSkipCount=7, writeSkipCount=0, processSkipCount=2, commitCount=1, rollbackCount=2
2017-04-26 12:00:14 INFO  MonitoracaoListener:79 - [Job sampleJSONJob] Start Time: 26/04/2017 12:00:13
2017-04-26 12:00:14 INFO  MonitoracaoListener:80 - [Job sampleJSONJob] End Time: 26/04/2017 12:00:14
2017-04-26 12:00:14 INFO  MonitoracaoListener:81 - [Job sampleJSONJob] Duration: 1 second
2017-04-26 12:00:14 INFO  MonitoracaoListener:82 - [Job sampleJSONJob] Reads: 13
2017-04-26 12:00:14 INFO  MonitoracaoListener:83 - [Job sampleJSONJob] Writes: 11
2017-04-26 12:00:14 INFO  MonitoracaoListener:84 - [Job sampleJSONJob] Commits: 1
2017-04-26 12:00:14 INFO  MonitoracaoListener:85 - [Job sampleJSONJob] Rollbacks: 2
2017-04-26 12:00:14 INFO  MonitoracaoListener:86 - [Job sampleJSONJob] ReadSkips: 7
2017-04-26 12:00:14 INFO  MonitoracaoListener:87 - [Job sampleJSONJob] WriteSkips: 0
2017-04-26 12:00:14 INFO  MonitoracaoListener:88 - [Job sampleJSONJob] ProcessSkips: 2
2017-04-26 12:00:14 INFO  MonitoracaoListener:92 - [Job sampleJSONJob] Status: COMPLETED
2017-04-26 12:00:14 INFO  MonitoracaoListener:97 - [Job sampleJSONJob] ExitCode: COMPLETED
2017-04-26 12:00:14 INFO  MonitoracaoListener:98 - [Job sampleJSONJob] ExitDescription: 
2017-04-26 12:00:14 INFO  MonitoracaoListener:101 - ############################### Monitoração ###############################
2017-04-26 12:00:14 INFO  StatementLogger:151 - java.sql.Statement.executeQuery: Select 1;
2017-04-26 12:00:14 INFO  SimpleJobLauncher:136 - Job: [FlowJob: [name=sampleJSONJob]] completed with the following parameters: [{}] and the following status: [COMPLETED]
2017-04-26 12:06:03 INFO  InfraJobContext:432 - #############  Logger configurado para execução de sampleJSONJob  ##############
2017-04-26 12:06:04 INFO  InfraJobContext:188 - Carregando configurações do recurso sampleJSONJob.properties
2017-04-26 12:06:04 INFO  InfraJobContext:188 - Carregando configurações do recurso app-context.properties
2017-04-26 12:06:04 INFO  InfraJobContext:206 - Carregando configurações do arquivo /media/sf_compartilhamento/workspace/infra-batch-sample/src/main/resources/configs/infra-batch.properties
2017-04-26 12:06:04 INFO  ClassPathXmlApplicationContext:578 - Refreshing org.springframework.context.support.ClassPathXmlApplicationContext@5f150435: startup date [Wed Apr 26 12:06:04 BRT 2017]; root of context hierarchy
2017-04-26 12:06:04 INFO  XmlBeanDefinitionReader:317 - Loading XML bean definitions from class path resource [sample-jobs/sampleJSON-job.xml]
2017-04-26 12:06:04 INFO  XmlBeanDefinitionReader:317 - Loading XML bean definitions from class path resource [spring/context/infra/batch/infra-batch-memory-context.xml]
2017-04-26 12:06:04 INFO  XmlBeanDefinitionReader:317 - Loading XML bean definitions from class path resource [spring/context/infra/batch/import/common-context.xml]
2017-04-26 12:06:05 INFO  XmlBeanDefinitionReader:317 - Loading XML bean definitions from class path resource [spring/context/infra/batch/import/data-source-context.xml]
2017-04-26 12:06:05 INFO  XmlBeanDefinitionReader:317 - Loading XML bean definitions from class path resource [spring/context/infra/batch/import/transaction-context.xml]
2017-04-26 12:06:05 INFO  XmlBeanDefinitionReader:317 - Loading XML bean definitions from class path resource [spring/context/infra/batch/import/job-repository-memory-launcher-context.xml]
2017-04-26 12:06:06 INFO  PropertyPlaceholderConfigurer:172 - Loading properties file from URL [file:/media/sf_compartilhamento/workspace/infra-batch-sample/src/main/resources/configs/infra-batch.properties]
2017-04-26 12:06:06 INFO  ThreadPoolTaskExecutor:165 - Initializing ExecutorService  'threadPoolTaskExecutor'
2017-04-26 12:06:06 INFO  ConcurrentTaskExecutorDelegate:45 - concurrentTaskExecutor carregado para utilizar o Executor FixedThreadPool e 8 threads.
2017-04-26 12:06:06 INFO  SimpleJobLauncher:195 - No TaskExecutor has been set, defaulting to synchronous executor.
2017-04-26 12:06:07 INFO  ConnectionLogger:43 - connect to URL jdbc:jdbcdslog:postgresql://127.0.0.1:5432/batch?targetDriver=org.postgresql.Driver with properties: {user=postgres, password=post}
2017-04-26 12:06:07 INFO  ConnectionLogger:35 - Connected to URL jdbc:postgresql://127.0.0.1:5432/batch for user postgres
2017-04-26 12:06:07 INFO  StatementLogger:151 - java.sql.Statement.executeQuery: Select 1;
2017-04-26 12:06:07 INFO  ConnectionLogger:43 - connect to URL jdbc:jdbcdslog:postgresql://127.0.0.1:5432/batch?targetDriver=org.postgresql.Driver with properties: {user=postgres, password=post}
2017-04-26 12:06:07 INFO  ConnectionLogger:35 - Connected to URL jdbc:postgresql://127.0.0.1:5432/batch for user postgres
2017-04-26 12:06:07 INFO  ConnectionLogger:43 - connect to URL jdbc:jdbcdslog:postgresql://127.0.0.1:5432/batch?targetDriver=org.postgresql.Driver with properties: {user=postgres, password=post}
2017-04-26 12:06:07 INFO  ConnectionLogger:35 - Connected to URL jdbc:postgresql://127.0.0.1:5432/batch for user postgres
2017-04-26 12:06:07 INFO  StatementLogger:151 - java.sql.Statement.executeQuery: Select 1;
2017-04-26 12:06:07 INFO  StatementLogger:151 - java.sql.Statement.executeQuery: Select 1;
2017-04-26 12:06:07 INFO  SimpleJobLauncher:133 - Job: [FlowJob: [name=sampleJSONJob]] launched with the following parameters: [{}]
2017-04-26 12:06:07 INFO  StatementLogger:151 - java.sql.Statement.executeQuery: Select 1;
2017-04-26 12:06:07 INFO  InfraJobListener:37 - Executando beforeJob...
2017-04-26 12:06:07 INFO  InfraJobListener:38 - InfraJobContext { [configPath=/media/sf_compartilhamento/workspace/infra-batch-sample/src/main/resources/configs [system=] [inputPath="/media/sf_compartilhamento/workspace/infra-batch-sample/src/main/resources/sampleJob_input"/sampleJSONJob] [outputPath=/sampleJob_output/sampleJSONJob] [simulationMode=false] [jobIdentifier=sampleJSONJob] [id=1493219163783] [slave=false] [executorType=FIXED] [threads=8] }
2017-04-26 12:06:07 INFO  StatementLogger:151 - java.sql.Statement.executeQuery: Select 1;
2017-04-26 12:06:07 INFO  StatementLogger:151 - java.sql.Statement.executeQuery: Select 1;
2017-04-26 12:06:07 INFO  StatementLogger:151 - java.sql.Statement.executeQuery: Select 1;
2017-04-26 12:06:07 INFO  StatementLogger:151 - java.sql.Statement.executeQuery: Select 1;
2017-04-26 12:06:07 INFO  SimpleStepHandler:146 - Executing step: [json2DatabaseStep]
2017-04-26 12:06:07 INFO  StatementLogger:151 - java.sql.Statement.executeQuery: Select 1;
2017-04-26 12:06:07 INFO  StatementLogger:151 - java.sql.Statement.executeQuery: Select 1;
2017-04-26 12:06:07 INFO  StatementLogger:151 - java.sql.Statement.executeQuery: Select 1;
2017-04-26 12:06:08 INFO  JSLineMapper:85 - 1 (lineNumber: 11) -> JsonSyntaxException: A JSONObject text must begin with '{' at character 0 of 
2017-04-26 12:06:08 INFO  JSLineMapper:85 - 1 (lineNumber: 12) -> JsonSyntaxException: null
2017-04-26 12:06:08 INFO  JSLineMapper:85 - 1 (lineNumber: 13) -> JsonSyntaxException: com.google.gson.stream.MalformedJsonException: Expected ':' at line 1 column 70 path $.type.tv
2017-04-26 12:06:08 INFO  JSLineMapper:85 - 1 (lineNumber: 14) -> JsonSyntaxException: JSONObject["name"] not found.
2017-04-26 12:06:08 INFO  JSLineMapper:85 - 1 (lineNumber: 15) -> JsonSyntaxException: com.google.gson.stream.MalformedJsonException: Expected name at line 1 column 51 path $.type
2017-04-26 12:06:08 INFO  JSLineMapper:85 - 1 (lineNumber: 16) -> JsonSyntaxException: com.google.gson.stream.MalformedJsonException: Expected name at line 1 column 92 path $.term_years
2017-04-26 12:06:08 INFO  JSLineMapper:85 - 1 (lineNumber: 17) -> JsonSyntaxException: java.lang.Integer cannot be cast to java.lang.String
2017-04-26 12:06:08 INFO  Version:30 - HV000001: Hibernate Validator 5.3.4.Final
2017-04-26 12:06:08 INFO  StatementLogger:151 - java.sql.Statement.executeQuery: Select 1;
2017-04-26 12:06:08 INFO  StatementLogger:151 - java.sql.Statement.executeQuery: Select 1;
2017-04-26 12:06:08 INFO  StatementLogger:151 - java.sql.PreparedStatement.addBatch: 
2017-04-26 12:06:08 INFO  StatementLogger:151 - java.sql.PreparedStatement.addBatch: 
2017-04-26 12:06:08 INFO  StatementLogger:151 - java.sql.PreparedStatement.addBatch: 
2017-04-26 12:06:08 INFO  StatementLogger:151 - java.sql.PreparedStatement.addBatch: 
2017-04-26 12:06:08 INFO  StatementLogger:151 - java.sql.PreparedStatement.addBatch: 
2017-04-26 12:06:08 INFO  StatementLogger:151 - java.sql.PreparedStatement.addBatch: 
2017-04-26 12:06:08 INFO  StatementLogger:151 - java.sql.PreparedStatement.addBatch: 
2017-04-26 12:06:08 INFO  StatementLogger:151 - java.sql.PreparedStatement.addBatch: 
2017-04-26 12:06:08 INFO  StatementLogger:151 - java.sql.PreparedStatement.addBatch: 
2017-04-26 12:06:08 INFO  StatementLogger:151 - java.sql.PreparedStatement.addBatch: 
2017-04-26 12:06:08 INFO  StatementLogger:151 - java.sql.PreparedStatement.addBatch: 
2017-04-26 12:06:09 INFO  StatementLogger:151 - java.sql.Statement.executeBatch: 
2017-04-26 12:06:09 INFO  MonitoracaoProduct:51 - ######################################################################
2017-04-26 12:06:09 INFO  MonitoracaoProduct:52 - ##################### RELATORIO DA CARGA #############################
2017-04-26 12:06:09 INFO  MonitoracaoProduct:53 - Product lidos com sucesso: 13
2017-04-26 12:06:09 INFO  MonitoracaoProduct:54 - Product nao lidas (falha na leitura): 7
2017-04-26 12:06:09 INFO  MonitoracaoProduct:55 - Product ignorados durante processamento: 2
2017-04-26 12:06:09 INFO  MonitoracaoProduct:56 - Product gravadas com sucesso: 11
2017-04-26 12:06:09 INFO  MonitoracaoProduct:57 - Product nao gravadas: 0
2017-04-26 12:06:09 INFO  MonitoracaoProduct:60 - @@@@@@@@@@@@@@@@@@@@@ LISTA DE Product NAO LIDOS @@@@@@@@@@@@@@@@@@@@@
2017-04-26 12:06:09 INFO  MonitoracaoProduct:62 - org.springframework.batch.item.file.FlatFileParseException: Parsing error at line: 11 in resource=[class path resource [sampleJob_input/product.json]], input=[]
2017-04-26 12:06:09 INFO  MonitoracaoProduct:62 - org.springframework.batch.item.file.FlatFileParseException: Parsing error at line: 12 in resource=[class path resource [sampleJob_input/product.json]], input=[{ "id" : 12, "name" : "Cable TV Basic Service Package", "type" : tv, "monthly_price" : 50, "term_years" : 2, "cancel_penalty" : 25, "sales_tax" : true, "additional_tarriffs" : [ { "kind" : "federal tarriff", "amount" : { "percent_of_service" : 0.06 } }, { "kind" : "misc tarriff", "amount" : 2.25 } ], "description":"Lorem ipsum dolor sit amet, consectetur adipiscing elit. Proin eget elit ut nulla tempor viverra vel eu nulla. Sed luctus porttitor urna, ac dapibus velit fringilla et. Donec iaculis, dolor a vehicula dictum, augue neque suscipit augue, nec mollis massa neque in libero. Donec sed dapibus magna. Pellentesque at condimentum dolor. In nunc nibh, dignissim in risus a, blandit tincidunt velit. Vestibulum rutrum tempus sem eget tempus. Mauris sollicitudin purus auctor dolor vestibulum, vitae pulvinar neque suscipit. Cum sociis natoque penatibus et magnis dis parturient montes, nascetur ridiculus mus. Phasellus lacus turpis, vulputate at adipiscing viverra, ultricies at lectus. Pellentesque ut porta leo, vel eleifend neque. Nunc sagittis metus at ante pellentesque, ut condimentum libero semper. In hac habitasse platea dictumst. In dapibus posuere posuere. Fusce vulputate augue eget tellus molestie, vitae egestas ante malesuada. Phasellus nunc mi, faucibus at elementum pharetra, aliquet a enim. In purus est, vulputate in nibh quis, faucibus dapibus magna. In accumsan libero velit, eu accumsan sem commodo id. In fringilla tempor augue, et feugiat erat convallis et. Sed aliquet eget ipsum eu vestibulum.Curabitur blandit leo nec condimentum semper. Mauris lectus sapien, rutrum a tincidunt id, euismod ac elit. Mauris suscipit et arcu et auctor. Quisque mollis magna vel mi viverra rutrum. Nulla non pretium magna. Cras sed tortor non tellus rutrum gravida eu at odio. Aliquam cursus fermentum erat, nec ullamcorper sem gravida sit amet. Donec viverra, erat vel ornare pulvinar, est ipsum accumsan massa, eu tristique lorem ante nec tortor. Sed suscipit iaculis faucibus. Maecenas a suscipit ligula, vitae faucibus turpis.Cras sed tellus auctor, tempor leo eu, molestie leo. Suspendisse ipsum tellus, egestas et ultricies eu, tempus a arcu. Cras laoreet, est dapibus consequat varius, nisi nisi placerat leo, et dictum ante tortor vitae est. Duis eu urna ac felis ullamcorper rutrum. Quisque iaculis, enim eget sodales vehicula, magna orci dignissim eros, nec volutpat massa urna in elit. In interdum pellentesque risus, feugiat pulvinar odio eleifend sit amet. Quisque congue libero quis dolor faucibus, a mollis nisl tempus." }]
2017-04-26 12:06:09 INFO  MonitoracaoProduct:62 - org.springframework.batch.item.file.FlatFileParseException: Parsing error at line: 13 in resource=[class path resource [sampleJob_input/product.json]], input=[{ "id" : 13, "name" : "Cable TV Basic Service Package", "type" : {tv}, "monthly_price" : 50, "term_years" : 2, "cancel_penalty" : 25, "sales_tax" : true, "additional_tarriffs" : [ { "kind" : "federal tarriff", "amount" : { "percent_of_service" : 0.06 } }, { "kind" : "misc tarriff", "amount" : 2.25 } ], "description":"Lorem ipsum dolor sit amet, consectetur adipiscing elit. Proin eget elit ut nulla tempor viverra vel eu nulla. Sed luctus porttitor urna, ac dapibus velit fringilla et. Donec iaculis, dolor a vehicula dictum, augue neque suscipit augue, nec mollis massa neque in libero. Donec sed dapibus magna. Pellentesque at condimentum dolor. In nunc nibh, dignissim in risus a, blandit tincidunt velit. Vestibulum rutrum tempus sem eget tempus. Mauris sollicitudin purus auctor dolor vestibulum, vitae pulvinar neque suscipit. Cum sociis natoque penatibus et magnis dis parturient montes, nascetur ridiculus mus. Phasellus lacus turpis, vulputate at adipiscing viverra, ultricies at lectus. Pellentesque ut porta leo, vel eleifend neque. Nunc sagittis metus at ante pellentesque, ut condimentum libero semper. In hac habitasse platea dictumst. In dapibus posuere posuere. Fusce vulputate augue eget tellus molestie, vitae egestas ante malesuada. Phasellus nunc mi, faucibus at elementum pharetra, aliquet a enim. In purus est, vulputate in nibh quis, faucibus dapibus magna. In accumsan libero velit, eu accumsan sem commodo id. In fringilla tempor augue, et feugiat erat convallis et. Sed aliquet eget ipsum eu vestibulum.Curabitur blandit leo nec condimentum semper. Mauris lectus sapien, rutrum a tincidunt id, euismod ac elit. Mauris suscipit et arcu et auctor. Quisque mollis magna vel mi viverra rutrum. Nulla non pretium magna. Cras sed tortor non tellus rutrum gravida eu at odio. Aliquam cursus fermentum erat, nec ullamcorper sem gravida sit amet. Donec viverra, erat vel ornare pulvinar, est ipsum accumsan massa, eu tristique lorem ante nec tortor. Sed suscipit iaculis faucibus. Maecenas a suscipit ligula, vitae faucibus turpis.Cras sed tellus auctor, tempor leo eu, molestie leo. Suspendisse ipsum tellus, egestas et ultricies eu, tempus a arcu. Cras laoreet, est dapibus consequat varius, nisi nisi placerat leo, et dictum ante tortor vitae est. Duis eu urna ac felis ullamcorper rutrum. Quisque iaculis, enim eget sodales vehicula, magna orci dignissim eros, nec volutpat massa urna in elit. In interdum pellentesque risus, feugiat pulvinar odio eleifend sit amet. Quisque congue libero quis dolor faucibus, a mollis nisl tempus." }]
2017-04-26 12:06:09 INFO  MonitoracaoProduct:62 - org.springframework.batch.item.file.FlatFileParseException: Parsing error at line: 14 in resource=[class path resource [sampleJob_input/product.json]], input=[{ "id" : 14, "type" : ["tv"], "monthly_price" : 50, "term_years" : 2, "cancel_penalty" : 25, "sales_tax" : true, "additional_tarriffs" : [ { "kind" : "federal tarriff", "amount" : { "percent_of_service" : 0.06 } }, { "kind" : "misc tarriff", "amount" : 2.25 } ], "description":"Lorem ipsum dolor sit amet, consectetur adipiscing elit. Proin eget elit ut nulla tempor viverra vel eu nulla. Sed luctus porttitor urna, ac dapibus velit fringilla et. Donec iaculis, dolor a vehicula dictum, augue neque suscipit augue, nec mollis massa neque in libero. Donec sed dapibus magna. Pellentesque at condimentum dolor. In nunc nibh, dignissim in risus a, blandit tincidunt velit. Vestibulum rutrum tempus sem eget tempus. Mauris sollicitudin purus auctor dolor vestibulum, vitae pulvinar neque suscipit. Cum sociis natoque penatibus et magnis dis parturient montes, nascetur ridiculus mus. Phasellus lacus turpis, vulputate at adipiscing viverra, ultricies at lectus. Pellentesque ut porta leo, vel eleifend neque. Nunc sagittis metus at ante pellentesque, ut condimentum libero semper. In hac habitasse platea dictumst. In dapibus posuere posuere. Fusce vulputate augue eget tellus molestie, vitae egestas ante malesuada. Phasellus nunc mi, faucibus at elementum pharetra, aliquet a enim. In purus est, vulputate in nibh quis, faucibus dapibus magna. In accumsan libero velit, eu accumsan sem commodo id. In fringilla tempor augue, et feugiat erat convallis et. Sed aliquet eget ipsum eu vestibulum.Curabitur blandit leo nec condimentum semper. Mauris lectus sapien, rutrum a tincidunt id, euismod ac elit. Mauris suscipit et arcu et auctor. Quisque mollis magna vel mi viverra rutrum. Nulla non pretium magna. Cras sed tortor non tellus rutrum gravida eu at odio. Aliquam cursus fermentum erat, nec ullamcorper sem gravida sit amet. Donec viverra, erat vel ornare pulvinar, est ipsum accumsan massa, eu tristique lorem ante nec tortor. Sed suscipit iaculis faucibus. Maecenas a suscipit ligula, vitae faucibus turpis.Cras sed tellus auctor, tempor leo eu, molestie leo. Suspendisse ipsum tellus, egestas et ultricies eu, tempus a arcu. Cras laoreet, est dapibus consequat varius, nisi nisi placerat leo, et dictum ante tortor vitae est. Duis eu urna ac felis ullamcorper rutrum. Quisque iaculis, enim eget sodales vehicula, magna orci dignissim eros, nec volutpat massa urna in elit. In interdum pellentesque risus, feugiat pulvinar odio eleifend sit amet. Quisque congue libero quis dolor faucibus, a mollis nisl tempus." }]
2017-04-26 12:06:09 INFO  MonitoracaoProduct:62 - org.springframework.batch.item.file.FlatFileParseException: Parsing error at line: 15 in resource=[class path resource [sampleJob_input/product.json]], input=[{ "id" : 15, "name" : "nome...", "type" : ["tv"], , "monthly_price" : 50, "term_years" : 2, "cancel_penalty" : 25, "sales_tax" : true, "additional_tarriffs" : [ { "kind" : "federal tarriff", "amount" : { "percent_of_service" : 0.06 } }, { "kind" : "misc tarriff", "amount" : 2.25 } ], "description":"Lorem ipsum dolor sit amet, consectetur adipiscing elit. Proin eget elit ut nulla tempor viverra vel eu nulla. Sed luctus porttitor urna, ac dapibus velit fringilla et. Donec iaculis, dolor a vehicula dictum, augue neque suscipit augue, nec mollis massa neque in libero. Donec sed dapibus magna. Pellentesque at condimentum dolor. In nunc nibh, dignissim in risus a, blandit tincidunt velit. Vestibulum rutrum tempus sem eget tempus. Mauris sollicitudin purus auctor dolor vestibulum, vitae pulvinar neque suscipit. Cum sociis natoque penatibus et magnis dis parturient montes, nascetur ridiculus mus. Phasellus lacus turpis, vulputate at adipiscing viverra, ultricies at lectus. Pellentesque ut porta leo, vel eleifend neque. Nunc sagittis metus at ante pellentesque, ut condimentum libero semper. In hac habitasse platea dictumst. In dapibus posuere posuere. Fusce vulputate augue eget tellus molestie, vitae egestas ante malesuada. Phasellus nunc mi, faucibus at elementum pharetra, aliquet a enim. In purus est, vulputate in nibh quis, faucibus dapibus magna. In accumsan libero velit, eu accumsan sem commodo id. In fringilla tempor augue, et feugiat erat convallis et. Sed aliquet eget ipsum eu vestibulum.Curabitur blandit leo nec condimentum semper. Mauris lectus sapien, rutrum a tincidunt id, euismod ac elit. Mauris suscipit et arcu et auctor. Quisque mollis magna vel mi viverra rutrum. Nulla non pretium magna. Cras sed tortor non tellus rutrum gravida eu at odio. Aliquam cursus fermentum erat, nec ullamcorper sem gravida sit amet. Donec viverra, erat vel ornare pulvinar, est ipsum accumsan massa, eu tristique lorem ante nec tortor. Sed suscipit iaculis faucibus. Maecenas a suscipit ligula, vitae faucibus turpis.Cras sed tellus auctor, tempor leo eu, molestie leo. Suspendisse ipsum tellus, egestas et ultricies eu, tempus a arcu. Cras laoreet, est dapibus consequat varius, nisi nisi placerat leo, et dictum ante tortor vitae est. Duis eu urna ac felis ullamcorper rutrum. Quisque iaculis, enim eget sodales vehicula, magna orci dignissim eros, nec volutpat massa urna in elit. In interdum pellentesque risus, feugiat pulvinar odio eleifend sit amet. Quisque congue libero quis dolor faucibus, a mollis nisl tempus." }]
2017-04-26 12:06:09 INFO  MonitoracaoProduct:62 - org.springframework.batch.item.file.FlatFileParseException: Parsing error at line: 16 in resource=[class path resource [sampleJob_input/product.json]], input=[{ "id" : 16, "name" : "nome2...", "type" : ["tv"], "monthly_price" : 50, "term_years" : 2, : "cancel_penalty" : 25, "sales_tax" : true, "additional_tarriffs" : [ { "kind" : "federal tarriff", "amount" : { "percent_of_service" : 0.06 } }, { "kind" : "misc tarriff", "amount" : 2.25 } ], "description":"Lorem ipsum dolor sit amet, consectetur adipiscing elit. Proin eget elit ut nulla tempor viverra vel eu nulla. Sed luctus porttitor urna, ac dapibus velit fringilla et. Donec iaculis, dolor a vehicula dictum, augue neque suscipit augue, nec mollis massa neque in libero. Donec sed dapibus magna. Pellentesque at condimentum dolor. In nunc nibh, dignissim in risus a, blandit tincidunt velit. Vestibulum rutrum tempus sem eget tempus. Mauris sollicitudin purus auctor dolor vestibulum, vitae pulvinar neque suscipit. Cum sociis natoque penatibus et magnis dis parturient montes, nascetur ridiculus mus. Phasellus lacus turpis, vulputate at adipiscing viverra, ultricies at lectus. Pellentesque ut porta leo, vel eleifend neque. Nunc sagittis metus at ante pellentesque, ut condimentum libero semper. In hac habitasse platea dictumst. In dapibus posuere posuere. Fusce vulputate augue eget tellus molestie, vitae egestas ante malesuada. Phasellus nunc mi, faucibus at elementum pharetra, aliquet a enim. In purus est, vulputate in nibh quis, faucibus dapibus magna. In accumsan libero velit, eu accumsan sem commodo id. In fringilla tempor augue, et feugiat erat convallis et. Sed aliquet eget ipsum eu vestibulum.Curabitur blandit leo nec condimentum semper. Mauris lectus sapien, rutrum a tincidunt id, euismod ac elit. Mauris suscipit et arcu et auctor. Quisque mollis magna vel mi viverra rutrum. Nulla non pretium magna. Cras sed tortor non tellus rutrum gravida eu at odio. Aliquam cursus fermentum erat, nec ullamcorper sem gravida sit amet. Donec viverra, erat vel ornare pulvinar, est ipsum accumsan massa, eu tristique lorem ante nec tortor. Sed suscipit iaculis faucibus. Maecenas a suscipit ligula, vitae faucibus turpis.Cras sed tellus auctor, tempor leo eu, molestie leo. Suspendisse ipsum tellus, egestas et ultricies eu, tempus a arcu. Cras laoreet, est dapibus consequat varius, nisi nisi placerat leo, et dictum ante tortor vitae est. Duis eu urna ac felis ullamcorper rutrum. Quisque iaculis, enim eget sodales vehicula, magna orci dignissim eros, nec volutpat massa urna in elit. In interdum pellentesque risus, feugiat pulvinar odio eleifend sit amet. Quisque congue libero quis dolor faucibus, a mollis nisl tempus." }]
2017-04-26 12:06:09 INFO  MonitoracaoProduct:62 - org.springframework.batch.item.file.FlatFileParseException: Parsing error at line: 17 in resource=[class path resource [sampleJob_input/product.json]], input=[{ "id" : 17, "name" : 17, "type" : ["tv"], "term_years" : 2, "cancel_penalty" : 25, "sales_tax" : true, "additional_tarriffs" : [ { "kind" : "federal tarriff", "amount" : { "percent_of_service" : 0.06 } }, { "kind" : "misc tarriff", "amount" : 2.25 } ], "description":"Lorem ipsum dolor sit amet, consectetur adipiscing elit. Proin eget elit ut nulla tempor viverra vel eu nulla. Sed luctus porttitor urna, ac dapibus velit fringilla et. Donec iaculis, dolor a vehicula dictum, augue neque suscipit augue, nec mollis massa neque in libero. Donec sed dapibus magna. Pellentesque at condimentum dolor. In nunc nibh, dignissim in risus a, blandit tincidunt velit. Vestibulum rutrum tempus sem eget tempus. Mauris sollicitudin purus auctor dolor vestibulum, vitae pulvinar neque suscipit. Cum sociis natoque penatibus et magnis dis parturient montes, nascetur ridiculus mus. Phasellus lacus turpis, vulputate at adipiscing viverra, ultricies at lectus. Pellentesque ut porta leo, vel eleifend neque. Nunc sagittis metus at ante pellentesque, ut condimentum libero semper. In hac habitasse platea dictumst. In dapibus posuere posuere. Fusce vulputate augue eget tellus molestie, vitae egestas ante malesuada. Phasellus nunc mi, faucibus at elementum pharetra, aliquet a enim. In purus est, vulputate in nibh quis, faucibus dapibus magna. In accumsan libero velit, eu accumsan sem commodo id. In fringilla tempor augue, et feugiat erat convallis et. Sed aliquet eget ipsum eu vestibulum.Curabitur blandit leo nec condimentum semper. Mauris lectus sapien, rutrum a tincidunt id, euismod ac elit. Mauris suscipit et arcu et auctor. Quisque mollis magna vel mi viverra rutrum. Nulla non pretium magna. Cras sed tortor non tellus rutrum gravida eu at odio. Aliquam cursus fermentum erat, nec ullamcorper sem gravida sit amet. Donec viverra, erat vel ornare pulvinar, est ipsum accumsan massa, eu tristique lorem ante nec tortor. Sed suscipit iaculis faucibus. Maecenas a suscipit ligula, vitae faucibus turpis.Cras sed tellus auctor, tempor leo eu, molestie leo. Suspendisse ipsum tellus, egestas et ultricies eu, tempus a arcu. Cras laoreet, est dapibus consequat varius, nisi nisi placerat leo, et dictum ante tortor vitae est. Duis eu urna ac felis ullamcorper rutrum. Quisque iaculis, enim eget sodales vehicula, magna orci dignissim eros, nec volutpat massa urna in elit. In interdum pellentesque risus, feugiat pulvinar odio eleifend sit amet. Quisque congue libero quis dolor faucibus, a mollis nisl tempus."}]
2017-04-26 12:06:09 INFO  MonitoracaoProduct:67 - @@@@@@@@@@ LISTA DE Product IGNORADOS DURANTE PROCESSAMENTO @@@@@@@@@@
2017-04-26 12:06:09 INFO  MonitoracaoProduct:69 - Imovel=[br.gov.serpro.supde.infra.batch.sample.domain.Product@26fb628[
  id=19
  name=nome4...
  brand=<null>
  type=Outro
  color=<null>
  price=12.0
  warranty_years=<null>
  available=<null>
  description=Lorem ipsum dolor sit amet, consectetur adipiscing elit. Proin eget elit ut nulla tempor viverra vel eu nulla. Sed luctus porttitor urna, ac dapibus velit fringilla et. Donec iaculis, dolor a vehicula dictum, augue neque suscipit augue, nec mollis massa neque in libero. Donec sed dapibus magna. Pellentesque at condimentum dolor. In nunc nibh, dignissim in risus a, blandit tincidunt velit. Vestibulum rutrum tempus sem eget tempus. Mauris sollicitudin purus auctor dolor vestibulum, vitae pulvinar neque suscipit. Cum sociis natoque penatibus et magnis dis parturient montes, nascetur ridiculus mus. Phasellus lacus turpis, vulputate at adipiscing viverra, ultricies at lectus. Pellentesque ut porta leo, vel eleifend neque. Nunc sagittis metus at ante pellentesque, ut condimentum libero semper. In hac habitasse platea dictumst. In dapibus posuere posuere. Fusce vulputate augue eget tellus molestie, vitae egestas ante malesuada. Phasellus nunc mi, faucibus at elementum pharetra, aliquet a enim. In purus est, vulputate in nibh quis, faucibus dapibus magna. In accumsan libero velit, eu accumsan sem commodo id. In fringilla tempor augue, et feugiat erat convallis et. Sed aliquet eget ipsum eu vestibulum.Curabitur blandit leo nec condimentum semper. Mauris lectus sapien, rutrum a tincidunt id, euismod ac elit. Mauris suscipit et arcu et auctor. Quisque mollis magna vel mi viverra rutrum. Nulla non pretium magna. Cras sed tortor non tellus rutrum gravida eu at odio. Aliquam cursus fermentum erat, nec ullamcorper sem gravida sit amet. Donec viverra, erat vel ornare pulvinar, est ipsum accumsan massa, eu tristique lorem ante nec tortor. Sed suscipit iaculis faucibus. Maecenas a suscipit ligula, vitae faucibus turpis.Cras sed tellus auctor, tempor leo eu, molestie leo. Suspendisse ipsum tellus, egestas et ultricies eu, tempus a arcu. Cras laoreet, est dapibus consequat varius, nisi nisi placerat leo, et dictum ante tortor vitae est. Duis eu urna ac felis ullamcorper rutrum. Quisque iaculis, enim eget sodales vehicula, magna orci dignissim eros, nec volutpat massa urna in elit. In interdum pellentesque risus, feugiat pulvinar odio eleifend sit amet. Quisque congue libero quis dolor faucibus, a mollis nisl tempus.
  json={ "id" : 19, "name" : "nome4...", "type" : ["Outro"], "monthly_price" : 50, "term_years" : 2, "cancel_penalty" : 25, "price" : 12, "sales_tax" : true, "additional_tarriffs" : [ { "kind" : "federal tarriff", "amount" : { "percent_of_service" : 0.06 } }, { "kind" : "misc tarriff", "amount" : 2.25 } ], "description":"Lorem ipsum dolor sit amet, consectetur adipiscing elit. Proin eget elit ut nulla tempor viverra vel eu nulla. Sed luctus porttitor urna, ac dapibus velit fringilla et. Donec iaculis, dolor a vehicula dictum, augue neque suscipit augue, nec mollis massa neque in libero. Donec sed dapibus magna. Pellentesque at condimentum dolor. In nunc nibh, dignissim in risus a, blandit tincidunt velit. Vestibulum rutrum tempus sem eget tempus. Mauris sollicitudin purus auctor dolor vestibulum, vitae pulvinar neque suscipit. Cum sociis natoque penatibus et magnis dis parturient montes, nascetur ridiculus mus. Phasellus lacus turpis, vulputate at adipiscing viverra, ultricies at lectus. Pellentesque ut porta leo, vel eleifend neque. Nunc sagittis metus at ante pellentesque, ut condimentum libero semper. In hac habitasse platea dictumst. In dapibus posuere posuere. Fusce vulputate augue eget tellus molestie, vitae egestas ante malesuada. Phasellus nunc mi, faucibus at elementum pharetra, aliquet a enim. In purus est, vulputate in nibh quis, faucibus dapibus magna. In accumsan libero velit, eu accumsan sem commodo id. In fringilla tempor augue, et feugiat erat convallis et. Sed aliquet eget ipsum eu vestibulum.Curabitur blandit leo nec condimentum semper. Mauris lectus sapien, rutrum a tincidunt id, euismod ac elit. Mauris suscipit et arcu et auctor. Quisque mollis magna vel mi viverra rutrum. Nulla non pretium magna. Cras sed tortor non tellus rutrum gravida eu at odio. Aliquam cursus fermentum erat, nec ullamcorper sem gravida sit amet. Donec viverra, erat vel ornare pulvinar, est ipsum accumsan massa, eu tristique lorem ante nec tortor. Sed suscipit iaculis faucibus. Maecenas a suscipit ligula, vitae faucibus turpis.Cras sed tellus auctor, tempor leo eu, molestie leo. Suspendisse ipsum tellus, egestas et ultricies eu, tempus a arcu. Cras laoreet, est dapibus consequat varius, nisi nisi placerat leo, et dictum ante tortor vitae est. Duis eu urna ac felis ullamcorper rutrum. Quisque iaculis, enim eget sodales vehicula, magna orci dignissim eros, nec volutpat massa urna in elit. In interdum pellentesque risus, feugiat pulvinar odio eleifend sit amet. Quisque congue libero quis dolor faucibus, a mollis nisl tempus." }
]], causa=[javax.validation.ValidationException: HV000028: Unexpected exception during isValid call.]
2017-04-26 12:06:09 INFO  MonitoracaoProduct:69 - Imovel=[br.gov.serpro.supde.infra.batch.sample.domain.Product@6c67e137[
  id=20
  name=AC32745 Case Blue
  brand=<null>
  type=accessory, case
  color=blue
  price=12.0
  warranty_years=0.0
  available=<null>
  description=Lorem ipsum dolor sit amet, consectetur adipiscing elit. Proin eget elit ut nulla tempor viverra vel eu nulla. Sed luctus porttitor urna, ac dapibus velit fringilla et. Donec iaculis, dolor a vehicula dictum, augue neque suscipit augue, nec mollis massa neque in libero. Donec sed dapibus magna. Pellentesque at condimentum dolor. In nunc nibh, dignissim in risus a, blandit tincidunt velit. Vestibulum rutrum tempus sem eget tempus. Mauris sollicitudin purus auctor dolor vestibulum, vitae pulvinar neque suscipit. Cum sociis natoque penatibus et magnis dis parturient montes, nascetur ridiculus mus. Phasellus lacus turpis, vulputate at adipiscing viverra, ultricies at lectus. Pellentesque ut porta leo, vel eleifend neque. Nunc sagittis metus at ante pellentesque, ut condimentum libero semper. In hac habitasse platea dictumst. In dapibus posuere posuere. Fusce vulputate augue eget tellus molestie, vitae egestas ante malesuada. Phasellus nunc mi, faucibus at elementum pharetra, aliquet a enim. In purus est, vulputate in nibh quis, faucibus dapibus magna. In accumsan libero velit, eu accumsan sem commodo id. In fringilla tempor augue, et feugiat erat convallis et. Sed aliquet eget ipsum eu vestibulum.Curabitur blandit leo nec condimentum semper. Mauris lectus sapien, rutrum a tincidunt id, euismod ac elit. Mauris suscipit et arcu et auctor. Quisque mollis magna vel mi viverra rutrum. Nulla non pretium magna. Cras sed tortor non tellus rutrum gravida eu at odio. Aliquam cursus fermentum erat, nec ullamcorper sem gravida sit amet. Donec viverra, erat vel ornare pulvinar, est ipsum accumsan massa, eu tristique lorem ante nec tortor. Sed suscipit iaculis faucibus. Maecenas a suscipit ligula, vitae faucibus turpis.Cras sed tellus auctor, tempor leo eu, molestie leo. Suspendisse ipsum tellus, egestas et ultricies eu, tempus a arcu. Cras laoreet, est dapibus consequat varius, nisi nisi placerat leo, et dictum ante tortor vitae est. Duis eu urna ac felis ullamcorper rutrum. Quisque iaculis, enim eget sodales vehicula, magna orci dignissim eros, nec volutpat massa urna in elit. In interdum pellentesque risus, feugiat pulvinar odio eleifend sit amet. Quisque congue libero quis dolor faucibus, a mollis nisl tempus.
  json={ "id" : 20, "name" : "AC32745 Case Blue", "type" : [ "accessory", "case" ], "color" : "blue", "price" : 12, "warranty_years" : 0, "description": "Lorem ipsum dolor sit amet, consectetur adipiscing elit. Proin eget elit ut nulla tempor viverra vel eu nulla. Sed luctus porttitor urna, ac dapibus velit fringilla et. Donec iaculis, dolor a vehicula dictum, augue neque suscipit augue, nec mollis massa neque in libero. Donec sed dapibus magna. Pellentesque at condimentum dolor. In nunc nibh, dignissim in risus a, blandit tincidunt velit. Vestibulum rutrum tempus sem eget tempus. Mauris sollicitudin purus auctor dolor vestibulum, vitae pulvinar neque suscipit. Cum sociis natoque penatibus et magnis dis parturient montes, nascetur ridiculus mus. Phasellus lacus turpis, vulputate at adipiscing viverra, ultricies at lectus. Pellentesque ut porta leo, vel eleifend neque. Nunc sagittis metus at ante pellentesque, ut condimentum libero semper. In hac habitasse platea dictumst. In dapibus posuere posuere. Fusce vulputate augue eget tellus molestie, vitae egestas ante malesuada. Phasellus nunc mi, faucibus at elementum pharetra, aliquet a enim. In purus est, vulputate in nibh quis, faucibus dapibus magna. In accumsan libero velit, eu accumsan sem commodo id. In fringilla tempor augue, et feugiat erat convallis et. Sed aliquet eget ipsum eu vestibulum.Curabitur blandit leo nec condimentum semper. Mauris lectus sapien, rutrum a tincidunt id, euismod ac elit. Mauris suscipit et arcu et auctor. Quisque mollis magna vel mi viverra rutrum. Nulla non pretium magna. Cras sed tortor non tellus rutrum gravida eu at odio. Aliquam cursus fermentum erat, nec ullamcorper sem gravida sit amet. Donec viverra, erat vel ornare pulvinar, est ipsum accumsan massa, eu tristique lorem ante nec tortor. Sed suscipit iaculis faucibus. Maecenas a suscipit ligula, vitae faucibus turpis.Cras sed tellus auctor, tempor leo eu, molestie leo. Suspendisse ipsum tellus, egestas et ultricies eu, tempus a arcu. Cras laoreet, est dapibus consequat varius, nisi nisi placerat leo, et dictum ante tortor vitae est. Duis eu urna ac felis ullamcorper rutrum. Quisque iaculis, enim eget sodales vehicula, magna orci dignissim eros, nec volutpat massa urna in elit. In interdum pellentesque risus, feugiat pulvinar odio eleifend sit amet. Quisque congue libero quis dolor faucibus, a mollis nisl tempus." }
]], causa=[javax.validation.ValidationException: HV000028: Unexpected exception during isValid call.]
2017-04-26 12:06:09 INFO  MonitoracaoProduct:80 - ################### FIM RELATORIO DA CARGA ###################
2017-04-26 12:06:09 INFO  MonitoracaoProduct:81 - ##############################################################
2017-04-26 12:06:09 INFO  StatementLogger:151 - java.sql.Statement.executeQuery: Select 1;
2017-04-26 12:06:09 INFO  StatementLogger:151 - java.sql.Statement.executeQuery: Select 1;
2017-04-26 12:06:09 INFO  StatementLogger:151 - java.sql.Statement.executeQuery: Select 1;
2017-04-26 12:06:09 INFO  InfraJobListener:48 - Executando afterJob...
2017-04-26 12:06:09 INFO  MonitoracaoListener:37 - ############################### Monitoração ###############################
2017-04-26 12:06:09 INFO  MonitoracaoListener:41 - [Job sampleJSONJob] Instance: 0
2017-04-26 12:06:09 INFO  MonitoracaoListener:42 - [Job sampleJSONJob] Parameters: {}
2017-04-26 12:06:09 INFO  MonitoracaoListener:43 - [Job sampleJSONJob] Execution: 0
2017-04-26 12:06:09 INFO  MonitoracaoListener:66 - [Step json2DatabaseStep] Start Time: 26/04/2017 12:06:07
2017-04-26 12:06:09 INFO  MonitoracaoListener:67 - [Step json2DatabaseStep] End Time: 26/04/2017 12:06:09
2017-04-26 12:06:09 INFO  MonitoracaoListener:68 - [Step json2DatabaseStep] Duration: 1 second
2017-04-26 12:06:09 INFO  MonitoracaoListener:69 - [Step json2DatabaseStep] Summary: StepExecution: id=1, version=3, name=json2DatabaseStep, status=COMPLETED, exitStatus=COMPLETED, readCount=13, filterCount=0, writeCount=11 readSkipCount=7, writeSkipCount=0, processSkipCount=2, commitCount=1, rollbackCount=2
2017-04-26 12:06:09 INFO  MonitoracaoListener:79 - [Job sampleJSONJob] Start Time: 26/04/2017 12:06:07
2017-04-26 12:06:09 INFO  MonitoracaoListener:80 - [Job sampleJSONJob] End Time: 26/04/2017 12:06:09
2017-04-26 12:06:09 INFO  MonitoracaoListener:81 - [Job sampleJSONJob] Duration: 1 second
2017-04-26 12:06:09 INFO  MonitoracaoListener:82 - [Job sampleJSONJob] Reads: 13
2017-04-26 12:06:09 INFO  MonitoracaoListener:83 - [Job sampleJSONJob] Writes: 11
2017-04-26 12:06:09 INFO  MonitoracaoListener:84 - [Job sampleJSONJob] Commits: 1
2017-04-26 12:06:09 INFO  MonitoracaoListener:85 - [Job sampleJSONJob] Rollbacks: 2
2017-04-26 12:06:09 INFO  MonitoracaoListener:86 - [Job sampleJSONJob] ReadSkips: 7
2017-04-26 12:06:09 INFO  MonitoracaoListener:87 - [Job sampleJSONJob] WriteSkips: 0
2017-04-26 12:06:09 INFO  MonitoracaoListener:88 - [Job sampleJSONJob] ProcessSkips: 2
2017-04-26 12:06:09 INFO  MonitoracaoListener:92 - [Job sampleJSONJob] Status: COMPLETED
2017-04-26 12:06:09 INFO  MonitoracaoListener:97 - [Job sampleJSONJob] ExitCode: COMPLETED
2017-04-26 12:06:09 INFO  MonitoracaoListener:98 - [Job sampleJSONJob] ExitDescription: 
2017-04-26 12:06:09 INFO  MonitoracaoListener:101 - ############################### Monitoração ###############################
2017-04-26 12:06:09 INFO  StatementLogger:151 - java.sql.Statement.executeQuery: Select 1;
2017-04-26 12:06:09 INFO  SimpleJobLauncher:136 - Job: [FlowJob: [name=sampleJSONJob]] completed with the following parameters: [{}] and the following status: [COMPLETED]
