2017-07-11 16:55:04 INFO  InfraJobContext:432 - #############  Logger configurado para execução de sampleCSVJob  ##############
2017-07-11 16:55:04 INFO  InfraJobContext:188 - Carregando configurações do recurso sampleCSVJob.properties
2017-07-11 16:55:04 INFO  InfraJobContext:188 - Carregando configurações do recurso app-context.properties
2017-07-11 16:55:04 INFO  InfraJobContext:206 - Carregando configurações do arquivo /media/sf_compartilhamento/workspace/infra-batch-sample-mongo/src/main/resources/configs/infra-batch.properties
2017-07-11 16:55:04 INFO  ClassPathXmlApplicationContext:578 - Refreshing org.springframework.context.support.ClassPathXmlApplicationContext@6996db8: startup date [Tue Jul 11 16:55:04 BRT 2017]; root of context hierarchy
2017-07-11 16:55:04 INFO  XmlBeanDefinitionReader:317 - Loading XML bean definitions from class path resource [sample-jobs/sampleCSV-job.xml]
2017-07-11 16:55:05 INFO  XmlBeanDefinitionReader:317 - Loading XML bean definitions from class path resource [spring/context/infra/batch/infra-batch-memory-context.xml]
2017-07-11 16:55:05 INFO  XmlBeanDefinitionReader:317 - Loading XML bean definitions from class path resource [spring/context/infra/batch/import/common-context.xml]
2017-07-11 16:55:06 INFO  XmlBeanDefinitionReader:317 - Loading XML bean definitions from class path resource [spring/context/infra/batch/import/data-source-context.xml]
2017-07-11 16:55:06 INFO  XmlBeanDefinitionReader:317 - Loading XML bean definitions from class path resource [spring/context/infra/batch/import/transaction-context.xml]
2017-07-11 16:55:06 INFO  XmlBeanDefinitionReader:317 - Loading XML bean definitions from class path resource [spring/context/infra/batch/import/job-repository-memory-launcher-context.xml]
2017-07-11 16:55:06 INFO  PropertyPlaceholderConfigurer:172 - Loading properties file from URL [file:/media/sf_compartilhamento/workspace/infra-batch-sample-mongo/src/main/resources/configs/infra-batch.properties]
2017-07-11 16:55:06 INFO  DefaultListableBeanFactory:839 - Overriding bean definition for bean 'sampleDatabaseWriter' with a different definition: replacing [Generic bean: class [org.springframework.batch.item.data.MongoItemWriter]; scope=step; abstract=false; lazyInit=false; autowireMode=0; dependencyCheck=0; autowireCandidate=false; primary=false; factoryBeanName=null; factoryMethodName=null; initMethodName=null; destroyMethodName=null; defined in class path resource [sample-jobs/sampleCSV-job.xml]] with [Root bean: class [org.springframework.aop.scope.ScopedProxyFactoryBean]; scope=; abstract=false; lazyInit=false; autowireMode=0; dependencyCheck=0; autowireCandidate=true; primary=false; factoryBeanName=null; factoryMethodName=null; initMethodName=null; destroyMethodName=null; defined in BeanDefinition defined in class path resource [sample-jobs/sampleCSV-job.xml]]
2017-07-11 16:55:07 WARN  ClassPathXmlApplicationContext:546 - Exception encountered during context initialization - cancelling refresh attempt: org.springframework.beans.factory.BeanCreationException: Error creating bean with name 'jobReportController' defined in class path resource [spring/context/infra/batch/import/common-context.xml]: Cannot resolve reference to bean 'jobExplorer' while setting bean property 'jobExplorer'; nested exception is org.springframework.beans.factory.BeanCreationException: Error creating bean with name 'jobExplorer' defined in class path resource [spring/context/infra/batch/import/job-repository-memory-launcher-context.xml]: Cannot resolve reference to bean '&jobRepository' while setting bean property 'repositoryFactory'; nested exception is org.springframework.beans.factory.BeanCreationException: Error creating bean with name 'jobRepository' defined in class path resource [spring/context/infra/batch/import/job-repository-memory-launcher-context.xml]: Cannot resolve reference to bean 'transactionManager' while setting bean property 'transactionManager'; nested exception is org.springframework.beans.factory.BeanCreationException: Error creating bean with name 'transactionManager' defined in class path resource [spring/context/infra/batch/import/transaction-context.xml]: Cannot resolve reference to bean 'dataSource' while setting bean property 'dataSource'; nested exception is org.springframework.beans.factory.BeanCreationException: Error creating bean with name 'dataSource' defined in class path resource [spring/context/infra/batch/import/data-source-context.xml]: Initialization of bean failed; nested exception is org.springframework.beans.TypeMismatchException: Failed to convert property value of type [java.lang.String] to required type [int] for property 'maxActive'; nested exception is java.lang.NumberFormatException: For input string: "${infra.jdbc.maxActive}"
2017-07-11 17:00:23 INFO  InfraJobContext:432 - #############  Logger configurado para execução de sampleCSVJob  ##############
2017-07-11 17:00:23 INFO  InfraJobContext:188 - Carregando configurações do recurso sampleCSVJob.properties
2017-07-11 17:00:23 INFO  InfraJobContext:188 - Carregando configurações do recurso app-context.properties
2017-07-11 17:00:23 INFO  InfraJobContext:206 - Carregando configurações do arquivo /media/sf_compartilhamento/workspace/infra-batch-sample-mongo/src/main/resources/configs/infra-batch.properties
2017-07-11 17:00:24 INFO  ClassPathXmlApplicationContext:578 - Refreshing org.springframework.context.support.ClassPathXmlApplicationContext@6996db8: startup date [Tue Jul 11 17:00:24 BRT 2017]; root of context hierarchy
2017-07-11 17:00:24 INFO  XmlBeanDefinitionReader:317 - Loading XML bean definitions from class path resource [sample-jobs/sampleCSV-job.xml]
2017-07-11 17:00:24 INFO  XmlBeanDefinitionReader:317 - Loading XML bean definitions from class path resource [spring/context/infra/batch/infra-batch-memory-context.xml]
2017-07-11 17:00:25 INFO  XmlBeanDefinitionReader:317 - Loading XML bean definitions from class path resource [spring/context/infra/batch/import/common-context.xml]
2017-07-11 17:00:25 INFO  XmlBeanDefinitionReader:317 - Loading XML bean definitions from class path resource [spring/context/infra/batch/import/data-source-context.xml]
2017-07-11 17:00:25 INFO  XmlBeanDefinitionReader:317 - Loading XML bean definitions from class path resource [spring/context/infra/batch/import/transaction-context.xml]
2017-07-11 17:00:25 INFO  XmlBeanDefinitionReader:317 - Loading XML bean definitions from class path resource [spring/context/infra/batch/import/job-repository-memory-launcher-context.xml]
2017-07-11 17:00:26 INFO  PropertyPlaceholderConfigurer:172 - Loading properties file from URL [file:/media/sf_compartilhamento/workspace/infra-batch-sample-mongo/src/main/resources/configs/infra-batch.properties]
2017-07-11 17:00:26 INFO  DefaultListableBeanFactory:839 - Overriding bean definition for bean 'sampleDatabaseWriter' with a different definition: replacing [Generic bean: class [org.springframework.batch.item.data.MongoItemWriter]; scope=step; abstract=false; lazyInit=false; autowireMode=0; dependencyCheck=0; autowireCandidate=false; primary=false; factoryBeanName=null; factoryMethodName=null; initMethodName=null; destroyMethodName=null; defined in class path resource [sample-jobs/sampleCSV-job.xml]] with [Root bean: class [org.springframework.aop.scope.ScopedProxyFactoryBean]; scope=; abstract=false; lazyInit=false; autowireMode=0; dependencyCheck=0; autowireCandidate=true; primary=false; factoryBeanName=null; factoryMethodName=null; initMethodName=null; destroyMethodName=null; defined in BeanDefinition defined in class path resource [sample-jobs/sampleCSV-job.xml]]
2017-07-11 17:00:26 WARN  ClassPathXmlApplicationContext:546 - Exception encountered during context initialization - cancelling refresh attempt: org.springframework.beans.factory.BeanCreationException: Error creating bean with name 'jobReportController' defined in class path resource [spring/context/infra/batch/import/common-context.xml]: Cannot resolve reference to bean 'jobExplorer' while setting bean property 'jobExplorer'; nested exception is org.springframework.beans.factory.BeanCreationException: Error creating bean with name 'jobExplorer' defined in class path resource [spring/context/infra/batch/import/job-repository-memory-launcher-context.xml]: Cannot resolve reference to bean '&jobRepository' while setting bean property 'repositoryFactory'; nested exception is org.springframework.beans.factory.BeanCreationException: Error creating bean with name 'jobRepository' defined in class path resource [spring/context/infra/batch/import/job-repository-memory-launcher-context.xml]: Cannot resolve reference to bean 'transactionManager' while setting bean property 'transactionManager'; nested exception is org.springframework.beans.factory.BeanCreationException: Error creating bean with name 'transactionManager' defined in class path resource [spring/context/infra/batch/import/transaction-context.xml]: Cannot resolve reference to bean 'dataSource' while setting bean property 'dataSource'; nested exception is org.springframework.beans.factory.BeanCreationException: Error creating bean with name 'dataSource' defined in class path resource [spring/context/infra/batch/import/data-source-context.xml]: Initialization of bean failed; nested exception is org.springframework.beans.TypeMismatchException: Failed to convert property value of type [java.lang.String] to required type [int] for property 'initialSize'; nested exception is java.lang.NumberFormatException: For input string: "${infra.jdbc.initialSize}"
2017-07-11 17:01:10 INFO  InfraJobContext:432 - #############  Logger configurado para execução de sampleCSVJob  ##############
2017-07-11 17:01:10 INFO  InfraJobContext:188 - Carregando configurações do recurso sampleCSVJob.properties
2017-07-11 17:01:10 INFO  InfraJobContext:188 - Carregando configurações do recurso app-context.properties
2017-07-11 17:01:10 INFO  InfraJobContext:206 - Carregando configurações do arquivo /media/sf_compartilhamento/workspace/infra-batch-sample-mongo/src/main/resources/configs/infra-batch.properties
2017-07-11 17:01:10 INFO  ClassPathXmlApplicationContext:578 - Refreshing org.springframework.context.support.ClassPathXmlApplicationContext@6996db8: startup date [Tue Jul 11 17:01:10 BRT 2017]; root of context hierarchy
2017-07-11 17:01:10 INFO  XmlBeanDefinitionReader:317 - Loading XML bean definitions from class path resource [sample-jobs/sampleCSV-job.xml]
2017-07-11 17:01:10 INFO  XmlBeanDefinitionReader:317 - Loading XML bean definitions from class path resource [spring/context/infra/batch/infra-batch-memory-context.xml]
2017-07-11 17:01:10 INFO  XmlBeanDefinitionReader:317 - Loading XML bean definitions from class path resource [spring/context/infra/batch/import/common-context.xml]
2017-07-11 17:01:11 INFO  XmlBeanDefinitionReader:317 - Loading XML bean definitions from class path resource [spring/context/infra/batch/import/data-source-context.xml]
2017-07-11 17:01:11 INFO  XmlBeanDefinitionReader:317 - Loading XML bean definitions from class path resource [spring/context/infra/batch/import/transaction-context.xml]
2017-07-11 17:01:11 INFO  XmlBeanDefinitionReader:317 - Loading XML bean definitions from class path resource [spring/context/infra/batch/import/job-repository-memory-launcher-context.xml]
2017-07-11 17:01:11 INFO  PropertyPlaceholderConfigurer:172 - Loading properties file from URL [file:/media/sf_compartilhamento/workspace/infra-batch-sample-mongo/src/main/resources/configs/infra-batch.properties]
2017-07-11 17:01:11 INFO  DefaultListableBeanFactory:839 - Overriding bean definition for bean 'sampleDatabaseWriter' with a different definition: replacing [Generic bean: class [org.springframework.batch.item.data.MongoItemWriter]; scope=step; abstract=false; lazyInit=false; autowireMode=0; dependencyCheck=0; autowireCandidate=false; primary=false; factoryBeanName=null; factoryMethodName=null; initMethodName=null; destroyMethodName=null; defined in class path resource [sample-jobs/sampleCSV-job.xml]] with [Root bean: class [org.springframework.aop.scope.ScopedProxyFactoryBean]; scope=; abstract=false; lazyInit=false; autowireMode=0; dependencyCheck=0; autowireCandidate=true; primary=false; factoryBeanName=null; factoryMethodName=null; initMethodName=null; destroyMethodName=null; defined in BeanDefinition defined in class path resource [sample-jobs/sampleCSV-job.xml]]
2017-07-11 17:01:12 INFO  ThreadPoolTaskExecutor:165 - Initializing ExecutorService  'threadPoolTaskExecutor'
2017-07-11 17:01:12 INFO  ConcurrentTaskExecutorDelegate:45 - concurrentTaskExecutor carregado para utilizar o Executor FixedThreadPool e 8 threads.
2017-07-11 17:01:12 INFO  SimpleJobLauncher:195 - No TaskExecutor has been set, defaulting to synchronous executor.
2017-07-11 17:01:12 WARN  ClassPathXmlApplicationContext:546 - Exception encountered during context initialization - cancelling refresh attempt: org.springframework.beans.factory.BeanCreationException: Error creating bean with name 'org.springframework.batch.core.configuration.xml.SimpleFlowFactoryBean#0': Cannot create inner bean '(inner bean)#378542de' of type [org.springframework.batch.core.job.flow.support.StateTransition] while setting bean property 'stateTransitions' with key [0]; nested exception is org.springframework.beans.factory.BeanCreationException: Error creating bean with name '(inner bean)#378542de': Cannot create inner bean '(inner bean)#3738449f' of type [org.springframework.batch.core.job.flow.support.state.StepState] while setting constructor argument; nested exception is org.springframework.beans.factory.BeanCreationException: Error creating bean with name '(inner bean)#3738449f': Cannot resolve reference to bean 'csv2DatabaseStep' while setting constructor argument; nested exception is org.springframework.beans.factory.BeanCreationException: Error creating bean with name 'csv2DatabaseStep': FactoryBean threw exception on object creation; nested exception is java.lang.IllegalArgumentException: The field 'skippable-exception-classes' is not permitted on the step [csv2DatabaseStep] because there is no 'skip-limit'.
2017-07-11 17:01:12 INFO  ThreadPoolTaskExecutor:203 - Shutting down ExecutorService 'threadPoolTaskExecutor'
2017-07-11 17:03:46 INFO  InfraJobContext:432 - #############  Logger configurado para execução de sampleCSVJob  ##############
2017-07-11 17:03:46 INFO  InfraJobContext:188 - Carregando configurações do recurso sampleCSVJob.properties
2017-07-11 17:03:46 INFO  InfraJobContext:188 - Carregando configurações do recurso app-context.properties
2017-07-11 17:03:46 INFO  InfraJobContext:206 - Carregando configurações do arquivo /media/sf_compartilhamento/workspace/infra-batch-sample-mongo/src/main/resources/configs/infra-batch.properties
2017-07-11 17:03:46 INFO  ClassPathXmlApplicationContext:578 - Refreshing org.springframework.context.support.ClassPathXmlApplicationContext@6996db8: startup date [Tue Jul 11 17:03:46 BRT 2017]; root of context hierarchy
2017-07-11 17:03:46 INFO  XmlBeanDefinitionReader:317 - Loading XML bean definitions from class path resource [sample-jobs/sampleCSV-job.xml]
2017-07-11 17:03:47 INFO  XmlBeanDefinitionReader:317 - Loading XML bean definitions from class path resource [spring/context/infra/batch/infra-batch-memory-context.xml]
2017-07-11 17:03:47 INFO  XmlBeanDefinitionReader:317 - Loading XML bean definitions from class path resource [spring/context/infra/batch/import/common-context.xml]
2017-07-11 17:03:47 INFO  XmlBeanDefinitionReader:317 - Loading XML bean definitions from class path resource [spring/context/infra/batch/import/data-source-context.xml]
2017-07-11 17:03:47 INFO  XmlBeanDefinitionReader:317 - Loading XML bean definitions from class path resource [spring/context/infra/batch/import/transaction-context.xml]
2017-07-11 17:03:47 INFO  XmlBeanDefinitionReader:317 - Loading XML bean definitions from class path resource [spring/context/infra/batch/import/job-repository-memory-launcher-context.xml]
2017-07-11 17:03:48 INFO  PropertyPlaceholderConfigurer:172 - Loading properties file from URL [file:/media/sf_compartilhamento/workspace/infra-batch-sample-mongo/src/main/resources/configs/infra-batch.properties]
2017-07-11 17:03:48 INFO  DefaultListableBeanFactory:839 - Overriding bean definition for bean 'sampleDatabaseWriter' with a different definition: replacing [Generic bean: class [org.springframework.batch.item.data.MongoItemWriter]; scope=step; abstract=false; lazyInit=false; autowireMode=0; dependencyCheck=0; autowireCandidate=false; primary=false; factoryBeanName=null; factoryMethodName=null; initMethodName=null; destroyMethodName=null; defined in class path resource [sample-jobs/sampleCSV-job.xml]] with [Root bean: class [org.springframework.aop.scope.ScopedProxyFactoryBean]; scope=; abstract=false; lazyInit=false; autowireMode=0; dependencyCheck=0; autowireCandidate=true; primary=false; factoryBeanName=null; factoryMethodName=null; initMethodName=null; destroyMethodName=null; defined in BeanDefinition defined in class path resource [sample-jobs/sampleCSV-job.xml]]
2017-07-11 17:03:48 INFO  ThreadPoolTaskExecutor:165 - Initializing ExecutorService  'threadPoolTaskExecutor'
2017-07-11 17:03:48 INFO  ConcurrentTaskExecutorDelegate:45 - concurrentTaskExecutor carregado para utilizar o Executor FixedThreadPool e 8 threads.
2017-07-11 17:03:48 INFO  SimpleJobLauncher:195 - No TaskExecutor has been set, defaulting to synchronous executor.
2017-07-11 17:03:51 INFO  cluster:71 - Cluster created with settings {hosts=[127.0.0.1:27017], mode=SINGLE, requiredClusterType=UNKNOWN, serverSelectionTimeout='30000 ms', maxWaitQueueSize=500}
2017-07-11 17:03:52 INFO  connection:71 - Opened connection [connectionId{localValue:1, serverValue:26}] to 127.0.0.1:27017
2017-07-11 17:03:52 INFO  cluster:71 - Monitor thread successfully connected to server with description ServerDescription{address=127.0.0.1:27017, type=STANDALONE, state=CONNECTED, ok=true, version=ServerVersion{versionList=[3, 4, 6]}, minWireVersion=0, maxWireVersion=5, maxDocumentSize=16777216, roundTripTimeNanos=668697}
2017-07-11 17:09:44 INFO  InfraJobContext:432 - #############  Logger configurado para execução de sampleCSVJob  ##############
2017-07-11 17:09:44 INFO  InfraJobContext:188 - Carregando configurações do recurso sampleCSVJob.properties
2017-07-11 17:09:44 INFO  InfraJobContext:188 - Carregando configurações do recurso app-context.properties
2017-07-11 17:09:44 INFO  InfraJobContext:206 - Carregando configurações do arquivo /media/sf_compartilhamento/workspace/infra-batch-sample-mongo/src/main/resources/configs/infra-batch.properties
2017-07-11 17:09:44 INFO  ClassPathXmlApplicationContext:578 - Refreshing org.springframework.context.support.ClassPathXmlApplicationContext@6996db8: startup date [Tue Jul 11 17:09:44 BRT 2017]; root of context hierarchy
2017-07-11 17:09:44 INFO  XmlBeanDefinitionReader:317 - Loading XML bean definitions from class path resource [sample-jobs/sampleCSV-job.xml]
2017-07-11 17:09:45 INFO  XmlBeanDefinitionReader:317 - Loading XML bean definitions from class path resource [spring/context/infra/batch/infra-batch-memory-context.xml]
2017-07-11 17:09:45 INFO  XmlBeanDefinitionReader:317 - Loading XML bean definitions from class path resource [spring/context/infra/batch/import/common-context.xml]
2017-07-11 17:09:45 INFO  XmlBeanDefinitionReader:317 - Loading XML bean definitions from class path resource [spring/context/infra/batch/import/data-source-context.xml]
2017-07-11 17:09:45 INFO  XmlBeanDefinitionReader:317 - Loading XML bean definitions from class path resource [spring/context/infra/batch/import/transaction-context.xml]
2017-07-11 17:09:45 INFO  XmlBeanDefinitionReader:317 - Loading XML bean definitions from class path resource [spring/context/infra/batch/import/job-repository-memory-launcher-context.xml]
2017-07-11 17:09:46 INFO  PropertyPlaceholderConfigurer:172 - Loading properties file from URL [file:/media/sf_compartilhamento/workspace/infra-batch-sample-mongo/src/main/resources/configs/infra-batch.properties]
2017-07-11 17:09:46 INFO  DefaultListableBeanFactory:839 - Overriding bean definition for bean 'sampleDatabaseWriter' with a different definition: replacing [Generic bean: class [org.springframework.batch.item.data.MongoItemWriter]; scope=step; abstract=false; lazyInit=false; autowireMode=0; dependencyCheck=0; autowireCandidate=false; primary=false; factoryBeanName=null; factoryMethodName=null; initMethodName=null; destroyMethodName=null; defined in class path resource [sample-jobs/sampleCSV-job.xml]] with [Root bean: class [org.springframework.aop.scope.ScopedProxyFactoryBean]; scope=; abstract=false; lazyInit=false; autowireMode=0; dependencyCheck=0; autowireCandidate=true; primary=false; factoryBeanName=null; factoryMethodName=null; initMethodName=null; destroyMethodName=null; defined in BeanDefinition defined in class path resource [sample-jobs/sampleCSV-job.xml]]
2017-07-11 17:09:46 INFO  ThreadPoolTaskExecutor:165 - Initializing ExecutorService  'threadPoolTaskExecutor'
2017-07-11 17:09:46 INFO  ConcurrentTaskExecutorDelegate:45 - concurrentTaskExecutor carregado para utilizar o Executor FixedThreadPool e 8 threads.
2017-07-11 17:09:46 INFO  SimpleJobLauncher:195 - No TaskExecutor has been set, defaulting to synchronous executor.
2017-07-11 17:09:47 INFO  cluster:71 - Cluster created with settings {hosts=[127.0.0.1:27017], mode=SINGLE, requiredClusterType=UNKNOWN, serverSelectionTimeout='30000 ms', maxWaitQueueSize=500}
2017-07-11 17:09:47 INFO  connection:71 - Opened connection [connectionId{localValue:1, serverValue:27}] to 127.0.0.1:27017
2017-07-11 17:09:47 INFO  cluster:71 - Monitor thread successfully connected to server with description ServerDescription{address=127.0.0.1:27017, type=STANDALONE, state=CONNECTED, ok=true, version=ServerVersion{versionList=[3, 4, 6]}, minWireVersion=0, maxWireVersion=5, maxDocumentSize=16777216, roundTripTimeNanos=501135}
2017-07-11 17:15:39 INFO  InfraJobContext:432 - #############  Logger configurado para execução de sampleCSVJob  ##############
2017-07-11 17:15:39 INFO  InfraJobContext:188 - Carregando configurações do recurso sampleCSVJob.properties
2017-07-11 17:15:39 INFO  InfraJobContext:188 - Carregando configurações do recurso app-context.properties
2017-07-11 17:15:39 INFO  InfraJobContext:206 - Carregando configurações do arquivo /media/sf_compartilhamento/workspace/infra-batch-sample-mongo/src/main/resources/configs/infra-batch.properties
2017-07-11 17:15:40 INFO  ClassPathXmlApplicationContext:578 - Refreshing org.springframework.context.support.ClassPathXmlApplicationContext@6996db8: startup date [Tue Jul 11 17:15:40 BRT 2017]; root of context hierarchy
2017-07-11 17:15:40 INFO  XmlBeanDefinitionReader:317 - Loading XML bean definitions from class path resource [sample-jobs/sampleCSV-job.xml]
2017-07-11 17:15:40 INFO  XmlBeanDefinitionReader:317 - Loading XML bean definitions from class path resource [spring/context/infra/batch/infra-batch-memory-context.xml]
2017-07-11 17:15:40 INFO  XmlBeanDefinitionReader:317 - Loading XML bean definitions from class path resource [spring/context/infra/batch/import/common-context.xml]
2017-07-11 17:15:40 INFO  XmlBeanDefinitionReader:317 - Loading XML bean definitions from class path resource [spring/context/infra/batch/import/data-source-context.xml]
2017-07-11 17:15:40 INFO  XmlBeanDefinitionReader:317 - Loading XML bean definitions from class path resource [spring/context/infra/batch/import/transaction-context.xml]
2017-07-11 17:15:40 INFO  XmlBeanDefinitionReader:317 - Loading XML bean definitions from class path resource [spring/context/infra/batch/import/job-repository-memory-launcher-context.xml]
2017-07-11 17:15:41 INFO  PropertyPlaceholderConfigurer:172 - Loading properties file from URL [file:/media/sf_compartilhamento/workspace/infra-batch-sample-mongo/src/main/resources/configs/infra-batch.properties]
2017-07-11 17:15:41 INFO  DefaultListableBeanFactory:839 - Overriding bean definition for bean 'sampleDatabaseWriter' with a different definition: replacing [Generic bean: class [org.springframework.batch.item.data.MongoItemWriter]; scope=step; abstract=false; lazyInit=false; autowireMode=0; dependencyCheck=0; autowireCandidate=false; primary=false; factoryBeanName=null; factoryMethodName=null; initMethodName=null; destroyMethodName=null; defined in class path resource [sample-jobs/sampleCSV-job.xml]] with [Root bean: class [org.springframework.aop.scope.ScopedProxyFactoryBean]; scope=; abstract=false; lazyInit=false; autowireMode=0; dependencyCheck=0; autowireCandidate=true; primary=false; factoryBeanName=null; factoryMethodName=null; initMethodName=null; destroyMethodName=null; defined in BeanDefinition defined in class path resource [sample-jobs/sampleCSV-job.xml]]
2017-07-11 17:15:42 INFO  ThreadPoolTaskExecutor:165 - Initializing ExecutorService  'threadPoolTaskExecutor'
2017-07-11 17:15:42 INFO  ConcurrentTaskExecutorDelegate:45 - concurrentTaskExecutor carregado para utilizar o Executor FixedThreadPool e 8 threads.
2017-07-11 17:15:42 INFO  SimpleJobLauncher:195 - No TaskExecutor has been set, defaulting to synchronous executor.
2017-07-11 17:15:43 INFO  cluster:71 - Cluster created with settings {hosts=[127.0.0.1:27017], mode=SINGLE, requiredClusterType=UNKNOWN, serverSelectionTimeout='30000 ms', maxWaitQueueSize=50}
2017-07-11 17:15:44 INFO  connection:71 - Opened connection [connectionId{localValue:1, serverValue:29}] to 127.0.0.1:27017
2017-07-11 17:15:44 INFO  cluster:71 - Monitor thread successfully connected to server with description ServerDescription{address=127.0.0.1:27017, type=STANDALONE, state=CONNECTED, ok=true, version=ServerVersion{versionList=[3, 4, 6]}, minWireVersion=0, maxWireVersion=5, maxDocumentSize=16777216, roundTripTimeNanos=756848}
2017-07-11 17:21:30 INFO  InfraJobContext:432 - #############  Logger configurado para execução de sampleCSVJob  ##############
2017-07-11 17:21:30 INFO  InfraJobContext:188 - Carregando configurações do recurso sampleCSVJob.properties
2017-07-11 17:21:30 INFO  InfraJobContext:188 - Carregando configurações do recurso app-context.properties
2017-07-11 17:21:30 INFO  InfraJobContext:206 - Carregando configurações do arquivo /media/sf_compartilhamento/workspace/infra-batch-sample-mongo/src/main/resources/configs/infra-batch.properties
2017-07-11 17:21:30 INFO  ClassPathXmlApplicationContext:578 - Refreshing org.springframework.context.support.ClassPathXmlApplicationContext@6996db8: startup date [Tue Jul 11 17:21:30 BRT 2017]; root of context hierarchy
2017-07-11 17:21:30 INFO  XmlBeanDefinitionReader:317 - Loading XML bean definitions from class path resource [sample-jobs/sampleCSV-job.xml]
2017-07-11 17:22:19 INFO  InfraJobContext:432 - #############  Logger configurado para execução de sampleCSVJob  ##############
2017-07-11 17:22:19 INFO  InfraJobContext:188 - Carregando configurações do recurso sampleCSVJob.properties
2017-07-11 17:22:19 INFO  InfraJobContext:188 - Carregando configurações do recurso app-context.properties
2017-07-11 17:22:19 INFO  InfraJobContext:206 - Carregando configurações do arquivo /media/sf_compartilhamento/workspace/infra-batch-sample-mongo/src/main/resources/configs/infra-batch.properties
2017-07-11 17:22:19 INFO  ClassPathXmlApplicationContext:578 - Refreshing org.springframework.context.support.ClassPathXmlApplicationContext@6996db8: startup date [Tue Jul 11 17:22:19 BRT 2017]; root of context hierarchy
2017-07-11 17:22:20 INFO  XmlBeanDefinitionReader:317 - Loading XML bean definitions from class path resource [sample-jobs/sampleCSV-job.xml]
2017-07-11 17:24:26 INFO  InfraJobContext:432 - #############  Logger configurado para execução de sampleCSVJob  ##############
2017-07-11 17:24:26 INFO  InfraJobContext:188 - Carregando configurações do recurso sampleCSVJob.properties
2017-07-11 17:24:26 INFO  InfraJobContext:188 - Carregando configurações do recurso app-context.properties
2017-07-11 17:24:26 INFO  InfraJobContext:206 - Carregando configurações do arquivo /media/sf_compartilhamento/workspace/infra-batch-sample-mongo/src/main/resources/configs/infra-batch.properties
2017-07-11 17:24:27 INFO  ClassPathXmlApplicationContext:578 - Refreshing org.springframework.context.support.ClassPathXmlApplicationContext@6996db8: startup date [Tue Jul 11 17:24:27 BRT 2017]; root of context hierarchy
2017-07-11 17:24:27 INFO  XmlBeanDefinitionReader:317 - Loading XML bean definitions from class path resource [sample-jobs/sampleCSV-job.xml]
2017-07-11 17:26:03 INFO  InfraJobContext:432 - #############  Logger configurado para execução de sampleCSVJob  ##############
2017-07-11 17:26:03 INFO  InfraJobContext:188 - Carregando configurações do recurso sampleCSVJob.properties
2017-07-11 17:26:03 INFO  InfraJobContext:188 - Carregando configurações do recurso app-context.properties
2017-07-11 17:26:03 INFO  InfraJobContext:206 - Carregando configurações do arquivo /media/sf_compartilhamento/workspace/infra-batch-sample-mongo/src/main/resources/configs/infra-batch.properties
2017-07-11 17:26:03 INFO  ClassPathXmlApplicationContext:578 - Refreshing org.springframework.context.support.ClassPathXmlApplicationContext@6996db8: startup date [Tue Jul 11 17:26:03 BRT 2017]; root of context hierarchy
2017-07-11 17:26:03 INFO  XmlBeanDefinitionReader:317 - Loading XML bean definitions from class path resource [sample-jobs/sampleCSV-job.xml]
2017-07-11 17:27:02 INFO  InfraJobContext:432 - #############  Logger configurado para execução de sampleCSVJob  ##############
2017-07-11 17:27:02 INFO  InfraJobContext:188 - Carregando configurações do recurso sampleCSVJob.properties
2017-07-11 17:27:02 INFO  InfraJobContext:188 - Carregando configurações do recurso app-context.properties
2017-07-11 17:27:02 INFO  InfraJobContext:206 - Carregando configurações do arquivo /media/sf_compartilhamento/workspace/infra-batch-sample-mongo/src/main/resources/configs/infra-batch.properties
2017-07-11 17:27:02 INFO  ClassPathXmlApplicationContext:578 - Refreshing org.springframework.context.support.ClassPathXmlApplicationContext@6996db8: startup date [Tue Jul 11 17:27:02 BRT 2017]; root of context hierarchy
2017-07-11 17:27:03 INFO  XmlBeanDefinitionReader:317 - Loading XML bean definitions from class path resource [sample-jobs/sampleCSV-job.xml]
2017-07-11 17:27:03 INFO  XmlBeanDefinitionReader:317 - Loading XML bean definitions from class path resource [spring/context/infra/batch/infra-batch-memory-context.xml]
2017-07-11 17:27:03 INFO  XmlBeanDefinitionReader:317 - Loading XML bean definitions from class path resource [spring/context/infra/batch/import/common-context.xml]
2017-07-11 17:27:03 INFO  XmlBeanDefinitionReader:317 - Loading XML bean definitions from class path resource [spring/context/infra/batch/import/data-source-context.xml]
2017-07-11 17:27:03 INFO  XmlBeanDefinitionReader:317 - Loading XML bean definitions from class path resource [spring/context/infra/batch/import/transaction-context.xml]
2017-07-11 17:27:03 INFO  XmlBeanDefinitionReader:317 - Loading XML bean definitions from class path resource [spring/context/infra/batch/import/job-repository-memory-launcher-context.xml]
2017-07-11 17:27:04 INFO  PropertyPlaceholderConfigurer:172 - Loading properties file from URL [file:/media/sf_compartilhamento/workspace/infra-batch-sample-mongo/src/main/resources/configs/infra-batch.properties]
2017-07-11 17:27:04 INFO  DefaultListableBeanFactory:839 - Overriding bean definition for bean 'sampleDatabaseWriter' with a different definition: replacing [Generic bean: class [org.springframework.batch.item.data.MongoItemWriter]; scope=step; abstract=false; lazyInit=false; autowireMode=0; dependencyCheck=0; autowireCandidate=false; primary=false; factoryBeanName=null; factoryMethodName=null; initMethodName=null; destroyMethodName=null; defined in class path resource [sample-jobs/sampleCSV-job.xml]] with [Root bean: class [org.springframework.aop.scope.ScopedProxyFactoryBean]; scope=; abstract=false; lazyInit=false; autowireMode=0; dependencyCheck=0; autowireCandidate=true; primary=false; factoryBeanName=null; factoryMethodName=null; initMethodName=null; destroyMethodName=null; defined in BeanDefinition defined in class path resource [sample-jobs/sampleCSV-job.xml]]
2017-07-11 17:27:04 INFO  ThreadPoolTaskExecutor:165 - Initializing ExecutorService  'threadPoolTaskExecutor'
2017-07-11 17:27:04 INFO  ConcurrentTaskExecutorDelegate:45 - concurrentTaskExecutor carregado para utilizar o Executor FixedThreadPool e 8 threads.
2017-07-11 17:27:04 INFO  SimpleJobLauncher:195 - No TaskExecutor has been set, defaulting to synchronous executor.
2017-07-11 17:27:06 INFO  cluster:71 - Cluster created with settings {hosts=[localhost:27017], mode=SINGLE, requiredClusterType=UNKNOWN, serverSelectionTimeout='30000 ms', maxWaitQueueSize=500}
2017-07-11 17:27:06 INFO  connection:71 - Opened connection [connectionId{localValue:1, serverValue:30}] to localhost:27017
2017-07-11 17:27:06 INFO  cluster:71 - Monitor thread successfully connected to server with description ServerDescription{address=localhost:27017, type=STANDALONE, state=CONNECTED, ok=true, version=ServerVersion{versionList=[3, 4, 6]}, minWireVersion=0, maxWireVersion=5, maxDocumentSize=16777216, roundTripTimeNanos=674557}
2017-07-11 17:30:17 INFO  InfraJobContext:432 - #############  Logger configurado para execução de sampleCSVJob  ##############
2017-07-11 17:30:17 INFO  InfraJobContext:188 - Carregando configurações do recurso sampleCSVJob.properties
2017-07-11 17:30:17 INFO  InfraJobContext:188 - Carregando configurações do recurso app-context.properties
2017-07-11 17:30:17 INFO  InfraJobContext:206 - Carregando configurações do arquivo /media/sf_compartilhamento/workspace/infra-batch-sample-mongo/src/main/resources/configs/infra-batch.properties
2017-07-11 17:30:18 INFO  ClassPathXmlApplicationContext:578 - Refreshing org.springframework.context.support.ClassPathXmlApplicationContext@6996db8: startup date [Tue Jul 11 17:30:18 BRT 2017]; root of context hierarchy
2017-07-11 17:30:18 INFO  XmlBeanDefinitionReader:317 - Loading XML bean definitions from class path resource [sample-jobs/sampleCSV-job.xml]
2017-07-11 17:32:15 INFO  InfraJobContext:432 - #############  Logger configurado para execução de sampleCSVJob  ##############
2017-07-11 17:32:15 INFO  InfraJobContext:188 - Carregando configurações do recurso sampleCSVJob.properties
2017-07-11 17:32:15 INFO  InfraJobContext:188 - Carregando configurações do recurso app-context.properties
2017-07-11 17:32:15 INFO  InfraJobContext:206 - Carregando configurações do arquivo /media/sf_compartilhamento/workspace/infra-batch-sample-mongo/src/main/resources/configs/infra-batch.properties
2017-07-11 17:32:15 INFO  ClassPathXmlApplicationContext:578 - Refreshing org.springframework.context.support.ClassPathXmlApplicationContext@6996db8: startup date [Tue Jul 11 17:32:15 BRT 2017]; root of context hierarchy
2017-07-11 17:32:15 INFO  XmlBeanDefinitionReader:317 - Loading XML bean definitions from class path resource [sample-jobs/sampleCSV-job.xml]
2017-07-11 17:33:27 INFO  InfraJobContext:432 - #############  Logger configurado para execução de sampleCSVJob  ##############
2017-07-11 17:33:27 INFO  InfraJobContext:188 - Carregando configurações do recurso sampleCSVJob.properties
2017-07-11 17:33:27 INFO  InfraJobContext:188 - Carregando configurações do recurso app-context.properties
2017-07-11 17:33:27 INFO  InfraJobContext:206 - Carregando configurações do arquivo /media/sf_compartilhamento/workspace/infra-batch-sample-mongo/src/main/resources/configs/infra-batch.properties
2017-07-11 17:33:28 INFO  ClassPathXmlApplicationContext:578 - Refreshing org.springframework.context.support.ClassPathXmlApplicationContext@6996db8: startup date [Tue Jul 11 17:33:28 BRT 2017]; root of context hierarchy
2017-07-11 17:33:28 INFO  XmlBeanDefinitionReader:317 - Loading XML bean definitions from class path resource [sample-jobs/sampleCSV-job.xml]
2017-07-11 17:39:16 INFO  InfraJobContext:432 - #############  Logger configurado para execução de sampleCSVJob  ##############
2017-07-11 17:39:16 INFO  InfraJobContext:188 - Carregando configurações do recurso sampleCSVJob.properties
2017-07-11 17:39:17 INFO  InfraJobContext:188 - Carregando configurações do recurso app-context.properties
2017-07-11 17:39:17 INFO  InfraJobContext:206 - Carregando configurações do arquivo /media/sf_compartilhamento/workspace/infra-batch-sample-mongo/src/main/resources/configs/infra-batch.properties
2017-07-11 17:39:17 INFO  ClassPathXmlApplicationContext:578 - Refreshing org.springframework.context.support.ClassPathXmlApplicationContext@6996db8: startup date [Tue Jul 11 17:39:17 BRT 2017]; root of context hierarchy
2017-07-11 17:39:17 INFO  XmlBeanDefinitionReader:317 - Loading XML bean definitions from class path resource [sample-jobs/sampleCSV-job.xml]
2017-07-11 17:39:17 INFO  XmlBeanDefinitionReader:317 - Loading XML bean definitions from class path resource [spring/context/infra/batch/infra-batch-memory-context.xml]
2017-07-11 17:39:17 INFO  XmlBeanDefinitionReader:317 - Loading XML bean definitions from class path resource [spring/context/infra/batch/import/common-context.xml]
2017-07-11 17:39:17 INFO  XmlBeanDefinitionReader:317 - Loading XML bean definitions from class path resource [spring/context/infra/batch/import/data-source-context.xml]
2017-07-11 17:39:18 INFO  XmlBeanDefinitionReader:317 - Loading XML bean definitions from class path resource [spring/context/infra/batch/import/transaction-context.xml]
2017-07-11 17:39:18 INFO  XmlBeanDefinitionReader:317 - Loading XML bean definitions from class path resource [spring/context/infra/batch/import/job-repository-memory-launcher-context.xml]
2017-07-11 17:39:18 INFO  PropertyPlaceholderConfigurer:172 - Loading properties file from URL [file:/media/sf_compartilhamento/workspace/infra-batch-sample-mongo/src/main/resources/configs/infra-batch.properties]
2017-07-11 17:39:18 INFO  DefaultListableBeanFactory:839 - Overriding bean definition for bean 'sampleDatabaseWriter' with a different definition: replacing [Generic bean: class [org.springframework.batch.item.data.MongoItemWriter]; scope=step; abstract=false; lazyInit=false; autowireMode=0; dependencyCheck=0; autowireCandidate=false; primary=false; factoryBeanName=null; factoryMethodName=null; initMethodName=null; destroyMethodName=null; defined in class path resource [sample-jobs/sampleCSV-job.xml]] with [Root bean: class [org.springframework.aop.scope.ScopedProxyFactoryBean]; scope=; abstract=false; lazyInit=false; autowireMode=0; dependencyCheck=0; autowireCandidate=true; primary=false; factoryBeanName=null; factoryMethodName=null; initMethodName=null; destroyMethodName=null; defined in BeanDefinition defined in class path resource [sample-jobs/sampleCSV-job.xml]]
2017-07-11 17:39:19 INFO  ThreadPoolTaskExecutor:165 - Initializing ExecutorService  'threadPoolTaskExecutor'
2017-07-11 17:39:19 INFO  ConcurrentTaskExecutorDelegate:45 - concurrentTaskExecutor carregado para utilizar o Executor FixedThreadPool e 8 threads.
2017-07-11 17:39:19 INFO  SimpleJobLauncher:195 - No TaskExecutor has been set, defaulting to synchronous executor.
2017-07-11 17:39:19 INFO  cluster:71 - Cluster created with settings {hosts=[localhost:27017], mode=SINGLE, requiredClusterType=UNKNOWN, serverSelectionTimeout='30000 ms', maxWaitQueueSize=50}
2017-07-11 17:39:21 INFO  connection:71 - Opened connection [connectionId{localValue:1, serverValue:31}] to localhost:27017
2017-07-11 17:39:21 INFO  cluster:71 - Monitor thread successfully connected to server with description ServerDescription{address=localhost:27017, type=STANDALONE, state=CONNECTED, ok=true, version=ServerVersion{versionList=[3, 4, 6]}, minWireVersion=0, maxWireVersion=5, maxDocumentSize=16777216, roundTripTimeNanos=1330062}
