2017-04-18 14:42:04 INFO  InfraJobContext:432 - #############  Logger configurado para execução de sampleCSVJob  ##############
2017-04-18 14:42:04 INFO  InfraJobContext:188 - Carregando configurações do recurso sampleCSVJob.properties
2017-04-18 14:42:04 INFO  InfraJobContext:188 - Carregando configurações do recurso app-context.properties
2017-04-18 14:42:04 INFO  InfraJobContext:206 - Carregando configurações do arquivo /home/02963357460/estudo.git/SpringBatch/outros/infra-batch/workspace/infra-batch-master/infra-batch/infra-batch-sample/src/main/resources/configs/infra-batch.properties
2017-04-18 14:42:04 INFO  ClassPathXmlApplicationContext:578 - Refreshing org.springframework.context.support.ClassPathXmlApplicationContext@5c0369c4: startup date [Tue Apr 18 14:42:04 BRT 2017]; root of context hierarchy
2017-04-18 14:42:04 INFO  XmlBeanDefinitionReader:317 - Loading XML bean definitions from class path resource [sample-jobs/sampleCSV-job.xml]
2017-04-18 14:42:04 INFO  XmlBeanDefinitionReader:317 - Loading XML bean definitions from class path resource [spring/context/infra/batch/infra-batch-context.xml]
2017-04-18 14:42:04 INFO  XmlBeanDefinitionReader:317 - Loading XML bean definitions from class path resource [spring/context/infra/batch/import/common-context.xml]
2017-04-18 14:42:05 INFO  XmlBeanDefinitionReader:317 - Loading XML bean definitions from class path resource [spring/context/infra/batch/import/data-source-context.xml]
2017-04-18 14:42:05 INFO  XmlBeanDefinitionReader:317 - Loading XML bean definitions from class path resource [spring/context/infra/batch/import/transaction-context.xml]
2017-04-18 14:42:05 INFO  XmlBeanDefinitionReader:317 - Loading XML bean definitions from class path resource [spring/context/infra/batch/import/job-repository-database-launcher-context.xml]
2017-04-18 14:42:05 INFO  PropertyPlaceholderConfigurer:172 - Loading properties file from URL [file:/home/02963357460/estudo.git/SpringBatch/outros/infra-batch/workspace/infra-batch-master/infra-batch/infra-batch-sample/src/main/resources/configs/infra-batch.properties]
2017-04-18 14:42:05 INFO  PostProcessorRegistrationDelegate$BeanPostProcessorChecker:328 - Bean 'jobRegistry' of type [class org.springframework.batch.core.configuration.support.MapJobRegistry] is not eligible for getting processed by all BeanPostProcessors (for example: not eligible for auto-proxying)
2017-04-18 14:42:05 INFO  ThreadPoolTaskExecutor:165 - Initializing ExecutorService  'threadPoolTaskExecutor'
2017-04-18 14:42:05 INFO  ConcurrentTaskExecutorDelegate:45 - concurrentTaskExecutor carregado para utilizar o Executor FixedThreadPool e 8 threads.
2017-04-18 14:42:05 WARN  ClassPathXmlApplicationContext:546 - Exception encountered during context initialization - cancelling refresh attempt: org.springframework.beans.factory.BeanCreationException: Error creating bean with name 'jobRepository' defined in class path resource [spring/context/infra/batch/import/job-repository-database-launcher-context.xml]: Invocation of init method failed; nested exception is org.springframework.jdbc.support.MetaDataAccessException: Could not get Connection for extracting meta data; nested exception is org.springframework.jdbc.CannotGetJdbcConnectionException: Could not get JDBC Connection; nested exception is org.apache.commons.dbcp.SQLNestedException: Cannot create PoolableConnectionFactory (Conexão negada. Verifique se o nome da máquina e a porta estão corretos e se o postmaster está aceitando conexões TCP/IP.)
2017-04-18 14:42:05 INFO  ThreadPoolTaskExecutor:203 - Shutting down ExecutorService 'threadPoolTaskExecutor'
2017-04-18 14:47:15 INFO  InfraJobContext:432 - #############  Logger configurado para execução de sampleCSVJob  ##############
2017-04-18 14:47:15 INFO  InfraJobContext:188 - Carregando configurações do recurso sampleCSVJob.properties
2017-04-18 14:47:15 INFO  InfraJobContext:188 - Carregando configurações do recurso app-context.properties
2017-04-18 14:47:15 INFO  InfraJobContext:206 - Carregando configurações do arquivo /home/02963357460/estudo.git/SpringBatch/outros/infra-batch/workspace/infra-batch-master/infra-batch/infra-batch-sample/src/main/resources/configs/infra-batch.properties
2017-04-18 14:47:15 INFO  ClassPathXmlApplicationContext:578 - Refreshing org.springframework.context.support.ClassPathXmlApplicationContext@3d012ddd: startup date [Tue Apr 18 14:47:15 BRT 2017]; root of context hierarchy
2017-04-18 14:47:16 INFO  XmlBeanDefinitionReader:317 - Loading XML bean definitions from class path resource [sample-jobs/sampleCSV-job.xml]
2017-04-18 14:47:16 INFO  XmlBeanDefinitionReader:317 - Loading XML bean definitions from class path resource [spring/context/infra/batch/infra-batch-context.xml]
2017-04-18 14:47:16 INFO  XmlBeanDefinitionReader:317 - Loading XML bean definitions from class path resource [spring/context/infra/batch/import/common-context.xml]
2017-04-18 14:47:16 INFO  XmlBeanDefinitionReader:317 - Loading XML bean definitions from class path resource [spring/context/infra/batch/import/data-source-context.xml]
2017-04-18 14:47:16 INFO  XmlBeanDefinitionReader:317 - Loading XML bean definitions from class path resource [spring/context/infra/batch/import/transaction-context.xml]
2017-04-18 14:47:16 INFO  XmlBeanDefinitionReader:317 - Loading XML bean definitions from class path resource [spring/context/infra/batch/import/job-repository-database-launcher-context.xml]
2017-04-18 14:47:16 INFO  PropertyPlaceholderConfigurer:172 - Loading properties file from URL [file:/home/02963357460/estudo.git/SpringBatch/outros/infra-batch/workspace/infra-batch-master/infra-batch/infra-batch-sample/src/main/resources/configs/infra-batch.properties]
2017-04-18 14:47:16 INFO  PostProcessorRegistrationDelegate$BeanPostProcessorChecker:328 - Bean 'jobRegistry' of type [class org.springframework.batch.core.configuration.support.MapJobRegistry] is not eligible for getting processed by all BeanPostProcessors (for example: not eligible for auto-proxying)
2017-04-18 14:47:16 INFO  ThreadPoolTaskExecutor:165 - Initializing ExecutorService  'threadPoolTaskExecutor'
2017-04-18 14:47:16 INFO  ConcurrentTaskExecutorDelegate:45 - concurrentTaskExecutor carregado para utilizar o Executor FixedThreadPool e 8 threads.
2017-04-18 14:47:16 WARN  ClassPathXmlApplicationContext:546 - Exception encountered during context initialization - cancelling refresh attempt: org.springframework.beans.factory.BeanCreationException: Error creating bean with name 'jobRepository' defined in class path resource [spring/context/infra/batch/import/job-repository-database-launcher-context.xml]: Invocation of init method failed; nested exception is org.springframework.jdbc.support.MetaDataAccessException: Could not get Connection for extracting meta data; nested exception is org.springframework.jdbc.CannotGetJdbcConnectionException: Could not get JDBC Connection; nested exception is org.apache.commons.dbcp.SQLNestedException: Cannot create PoolableConnectionFactory (Connection to localhost:5432 refused. Check that the hostname and port are correct and that the postmaster is accepting TCP/IP connections.)
2017-04-18 14:47:16 INFO  ThreadPoolTaskExecutor:203 - Shutting down ExecutorService 'threadPoolTaskExecutor'
